CRITICAL - 2023-08-22 07:33:38 --> Undefined variable $data
in APPPATH\Controllers\Home.php on line 14.
 1 APPPATH\Controllers\Home.php(14): CodeIgniter\Debug\Exceptions->errorHandler(2, 'Undefined variable $data', 'D:\\File\\code\\kiara\\kiara_ci\\app\\Controllers\\Home.php', 14)
 2 SYSTEMPATH\CodeIgniter.php(932): App\Controllers\Home->index()
 3 SYSTEMPATH\CodeIgniter.php(497): CodeIgniter\CodeIgniter->runController(Object(App\Controllers\Home))
 4 SYSTEMPATH\CodeIgniter.php(366): CodeIgniter\CodeIgniter->handleRequest(null, Object(Config\Cache), false)
 5 FCPATH\index.php(67): CodeIgniter\CodeIgniter->run()
 6 SYSTEMPATH\Commands\Server\rewrite.php(47): require_once('D:\\File\\code\\kiara\\kiara_ci\\public\\index.php')
CRITICAL - 2023-08-22 07:33:39 --> Undefined variable $data
in APPPATH\Controllers\Home.php on line 14.
 1 APPPATH\Controllers\Home.php(14): CodeIgniter\Debug\Exceptions->errorHandler(2, 'Undefined variable $data', 'D:\\File\\code\\kiara\\kiara_ci\\app\\Controllers\\Home.php', 14)
 2 SYSTEMPATH\CodeIgniter.php(932): App\Controllers\Home->index()
 3 SYSTEMPATH\CodeIgniter.php(497): CodeIgniter\CodeIgniter->runController(Object(App\Controllers\Home))
 4 SYSTEMPATH\CodeIgniter.php(366): CodeIgniter\CodeIgniter->handleRequest(null, Object(Config\Cache), false)
 5 FCPATH\index.php(67): CodeIgniter\CodeIgniter->run()
 6 SYSTEMPATH\Commands\Server\rewrite.php(47): require_once('D:\\File\\code\\kiara\\kiara_ci\\public\\index.php')
CRITICAL - 2023-08-22 07:33:40 --> Undefined variable $data
in APPPATH\Controllers\Home.php on line 14.
 1 APPPATH\Controllers\Home.php(14): CodeIgniter\Debug\Exceptions->errorHandler(2, 'Undefined variable $data', 'D:\\File\\code\\kiara\\kiara_ci\\app\\Controllers\\Home.php', 14)
 2 SYSTEMPATH\CodeIgniter.php(932): App\Controllers\Home->index()
 3 SYSTEMPATH\CodeIgniter.php(497): CodeIgniter\CodeIgniter->runController(Object(App\Controllers\Home))
 4 SYSTEMPATH\CodeIgniter.php(366): CodeIgniter\CodeIgniter->handleRequest(null, Object(Config\Cache), false)
 5 FCPATH\index.php(67): CodeIgniter\CodeIgniter->run()
 6 SYSTEMPATH\Commands\Server\rewrite.php(47): require_once('D:\\File\\code\\kiara\\kiara_ci\\public\\index.php')
CRITICAL - 2023-08-22 07:35:01 --> Invalid file: "template/admin.php"
in SYSTEMPATH\Exceptions\FrameworkException.php on line 33.
 1 SYSTEMPATH\View\View.php(212): CodeIgniter\Exceptions\FrameworkException::forInvalidFile('template/admin.php')
 2 SYSTEMPATH\Common.php(1176): CodeIgniter\View\View->render('template/admin', [], true)
 3 APPPATH\Controllers\BaseController.php(73): view('template/admin', [...])
 4 APPPATH\Controllers\Home.php(14): App\Controllers\BaseController->admin_template([...], [])
 5 SYSTEMPATH\CodeIgniter.php(932): App\Controllers\Home->index()
 6 SYSTEMPATH\CodeIgniter.php(497): CodeIgniter\CodeIgniter->runController(Object(App\Controllers\Home))
 7 SYSTEMPATH\CodeIgniter.php(366): CodeIgniter\CodeIgniter->handleRequest(null, Object(Config\Cache), false)
 8 FCPATH\index.php(67): CodeIgniter\CodeIgniter->run()
 9 SYSTEMPATH\Commands\Server\rewrite.php(47): require_once('D:\\File\\code\\kiara\\kiara_ci\\public\\index.php')
CRITICAL - 2023-08-22 07:35:02 --> Invalid file: "template/admin.php"
in SYSTEMPATH\Exceptions\FrameworkException.php on line 33.
 1 SYSTEMPATH\View\View.php(212): CodeIgniter\Exceptions\FrameworkException::forInvalidFile('template/admin.php')
 2 SYSTEMPATH\Common.php(1176): CodeIgniter\View\View->render('template/admin', [], true)
 3 APPPATH\Controllers\BaseController.php(73): view('template/admin', [...])
 4 APPPATH\Controllers\Home.php(14): App\Controllers\BaseController->admin_template([...], [])
 5 SYSTEMPATH\CodeIgniter.php(932): App\Controllers\Home->index()
 6 SYSTEMPATH\CodeIgniter.php(497): CodeIgniter\CodeIgniter->runController(Object(App\Controllers\Home))
 7 SYSTEMPATH\CodeIgniter.php(366): CodeIgniter\CodeIgniter->handleRequest(null, Object(Config\Cache), false)
 8 FCPATH\index.php(67): CodeIgniter\CodeIgniter->run()
 9 SYSTEMPATH\Commands\Server\rewrite.php(47): require_once('D:\\File\\code\\kiara\\kiara_ci\\public\\index.php')
CRITICAL - 2023-08-22 07:37:24 --> Invalid file: "template/admin.php"
in SYSTEMPATH\Exceptions\FrameworkException.php on line 33.
 1 SYSTEMPATH\View\View.php(212): CodeIgniter\Exceptions\FrameworkException::forInvalidFile('template/admin.php')
 2 SYSTEMPATH\Common.php(1176): CodeIgniter\View\View->render('template/admin', [], true)
 3 APPPATH\Controllers\BaseController.php(73): view('template/admin', [...])
 4 APPPATH\Controllers\Home.php(14): App\Controllers\BaseController->admin_template([...], [])
 5 SYSTEMPATH\CodeIgniter.php(932): App\Controllers\Home->index()
 6 SYSTEMPATH\CodeIgniter.php(497): CodeIgniter\CodeIgniter->runController(Object(App\Controllers\Home))
 7 SYSTEMPATH\CodeIgniter.php(366): CodeIgniter\CodeIgniter->handleRequest(null, Object(Config\Cache), false)
 8 FCPATH\index.php(67): CodeIgniter\CodeIgniter->run()
 9 SYSTEMPATH\Commands\Server\rewrite.php(47): require_once('D:\\File\\code\\kiara\\kiara_ci\\public\\index.php')
CRITICAL - 2023-08-22 07:37:25 --> Invalid file: "template/admin.php"
in SYSTEMPATH\Exceptions\FrameworkException.php on line 33.
 1 SYSTEMPATH\View\View.php(212): CodeIgniter\Exceptions\FrameworkException::forInvalidFile('template/admin.php')
 2 SYSTEMPATH\Common.php(1176): CodeIgniter\View\View->render('template/admin', [], true)
 3 APPPATH\Controllers\BaseController.php(73): view('template/admin', [...])
 4 APPPATH\Controllers\Home.php(14): App\Controllers\BaseController->admin_template([...], [])
 5 SYSTEMPATH\CodeIgniter.php(932): App\Controllers\Home->index()
 6 SYSTEMPATH\CodeIgniter.php(497): CodeIgniter\CodeIgniter->runController(Object(App\Controllers\Home))
 7 SYSTEMPATH\CodeIgniter.php(366): CodeIgniter\CodeIgniter->handleRequest(null, Object(Config\Cache), false)
 8 FCPATH\index.php(67): CodeIgniter\CodeIgniter->run()
 9 SYSTEMPATH\Commands\Server\rewrite.php(47): require_once('D:\\File\\code\\kiara\\kiara_ci\\public\\index.php')
CRITICAL - 2023-08-22 07:37:26 --> Invalid file: "template/admin.php"
in SYSTEMPATH\Exceptions\FrameworkException.php on line 33.
 1 SYSTEMPATH\View\View.php(212): CodeIgniter\Exceptions\FrameworkException::forInvalidFile('template/admin.php')
 2 SYSTEMPATH\Common.php(1176): CodeIgniter\View\View->render('template/admin', [], true)
 3 APPPATH\Controllers\BaseController.php(73): view('template/admin', [...])
 4 APPPATH\Controllers\Home.php(14): App\Controllers\BaseController->admin_template([...], [])
 5 SYSTEMPATH\CodeIgniter.php(932): App\Controllers\Home->index()
 6 SYSTEMPATH\CodeIgniter.php(497): CodeIgniter\CodeIgniter->runController(Object(App\Controllers\Home))
 7 SYSTEMPATH\CodeIgniter.php(366): CodeIgniter\CodeIgniter->handleRequest(null, Object(Config\Cache), false)
 8 FCPATH\index.php(67): CodeIgniter\CodeIgniter->run()
 9 SYSTEMPATH\Commands\Server\rewrite.php(47): require_once('D:\\File\\code\\kiara\\kiara_ci\\public\\index.php')
CRITICAL - 2023-08-22 07:39:26 --> Invalid file: "template/admin.php"
in SYSTEMPATH\Exceptions\FrameworkException.php on line 33.
 1 SYSTEMPATH\View\View.php(212): CodeIgniter\Exceptions\FrameworkException::forInvalidFile('template/admin.php')
 2 SYSTEMPATH\Common.php(1176): CodeIgniter\View\View->render('template/admin', [], true)
 3 APPPATH\Controllers\BaseController.php(73): view('template/admin', [...])
 4 APPPATH\Controllers\Home.php(14): App\Controllers\BaseController->admin_template([...], [])
 5 SYSTEMPATH\CodeIgniter.php(932): App\Controllers\Home->index()
 6 SYSTEMPATH\CodeIgniter.php(497): CodeIgniter\CodeIgniter->runController(Object(App\Controllers\Home))
 7 SYSTEMPATH\CodeIgniter.php(366): CodeIgniter\CodeIgniter->handleRequest(null, Object(Config\Cache), false)
 8 FCPATH\index.php(67): CodeIgniter\CodeIgniter->run()
 9 SYSTEMPATH\Commands\Server\rewrite.php(47): require_once('D:\\File\\code\\kiara\\kiara_ci\\public\\index.php')
CRITICAL - 2023-08-22 07:39:27 --> Invalid file: "template/admin.php"
in SYSTEMPATH\Exceptions\FrameworkException.php on line 33.
 1 SYSTEMPATH\View\View.php(212): CodeIgniter\Exceptions\FrameworkException::forInvalidFile('template/admin.php')
 2 SYSTEMPATH\Common.php(1176): CodeIgniter\View\View->render('template/admin', [], true)
 3 APPPATH\Controllers\BaseController.php(73): view('template/admin', [...])
 4 APPPATH\Controllers\Home.php(14): App\Controllers\BaseController->admin_template([...], [])
 5 SYSTEMPATH\CodeIgniter.php(932): App\Controllers\Home->index()
 6 SYSTEMPATH\CodeIgniter.php(497): CodeIgniter\CodeIgniter->runController(Object(App\Controllers\Home))
 7 SYSTEMPATH\CodeIgniter.php(366): CodeIgniter\CodeIgniter->handleRequest(null, Object(Config\Cache), false)
 8 FCPATH\index.php(67): CodeIgniter\CodeIgniter->run()
 9 SYSTEMPATH\Commands\Server\rewrite.php(47): require_once('D:\\File\\code\\kiara\\kiara_ci\\public\\index.php')
CRITICAL - 2023-08-22 07:39:28 --> Invalid file: "template/admin.php"
in SYSTEMPATH\Exceptions\FrameworkException.php on line 33.
 1 SYSTEMPATH\View\View.php(212): CodeIgniter\Exceptions\FrameworkException::forInvalidFile('template/admin.php')
 2 SYSTEMPATH\Common.php(1176): CodeIgniter\View\View->render('template/admin', [], true)
 3 APPPATH\Controllers\BaseController.php(73): view('template/admin', [...])
 4 APPPATH\Controllers\Home.php(14): App\Controllers\BaseController->admin_template([...], [])
 5 SYSTEMPATH\CodeIgniter.php(932): App\Controllers\Home->index()
 6 SYSTEMPATH\CodeIgniter.php(497): CodeIgniter\CodeIgniter->runController(Object(App\Controllers\Home))
 7 SYSTEMPATH\CodeIgniter.php(366): CodeIgniter\CodeIgniter->handleRequest(null, Object(Config\Cache), false)
 8 FCPATH\index.php(67): CodeIgniter\CodeIgniter->run()
 9 SYSTEMPATH\Commands\Server\rewrite.php(47): require_once('D:\\File\\code\\kiara\\kiara_ci\\public\\index.php')
CRITICAL - 2023-08-22 07:39:28 --> Invalid file: "template/admin.php"
in SYSTEMPATH\Exceptions\FrameworkException.php on line 33.
 1 SYSTEMPATH\View\View.php(212): CodeIgniter\Exceptions\FrameworkException::forInvalidFile('template/admin.php')
 2 SYSTEMPATH\Common.php(1176): CodeIgniter\View\View->render('template/admin', [], true)
 3 APPPATH\Controllers\BaseController.php(73): view('template/admin', [...])
 4 APPPATH\Controllers\Home.php(14): App\Controllers\BaseController->admin_template([...], [])
 5 SYSTEMPATH\CodeIgniter.php(932): App\Controllers\Home->index()
 6 SYSTEMPATH\CodeIgniter.php(497): CodeIgniter\CodeIgniter->runController(Object(App\Controllers\Home))
 7 SYSTEMPATH\CodeIgniter.php(366): CodeIgniter\CodeIgniter->handleRequest(null, Object(Config\Cache), false)
 8 FCPATH\index.php(67): CodeIgniter\CodeIgniter->run()
 9 SYSTEMPATH\Commands\Server\rewrite.php(47): require_once('D:\\File\\code\\kiara\\kiara_ci\\public\\index.php')
CRITICAL - 2023-08-22 07:39:29 --> Invalid file: "template/admin.php"
in SYSTEMPATH\Exceptions\FrameworkException.php on line 33.
 1 SYSTEMPATH\View\View.php(212): CodeIgniter\Exceptions\FrameworkException::forInvalidFile('template/admin.php')
 2 SYSTEMPATH\Common.php(1176): CodeIgniter\View\View->render('template/admin', [], true)
 3 APPPATH\Controllers\BaseController.php(73): view('template/admin', [...])
 4 APPPATH\Controllers\Home.php(14): App\Controllers\BaseController->admin_template([...], [])
 5 SYSTEMPATH\CodeIgniter.php(932): App\Controllers\Home->index()
 6 SYSTEMPATH\CodeIgniter.php(497): CodeIgniter\CodeIgniter->runController(Object(App\Controllers\Home))
 7 SYSTEMPATH\CodeIgniter.php(366): CodeIgniter\CodeIgniter->handleRequest(null, Object(Config\Cache), false)
 8 FCPATH\index.php(67): CodeIgniter\CodeIgniter->run()
 9 SYSTEMPATH\Commands\Server\rewrite.php(47): require_once('D:\\File\\code\\kiara\\kiara_ci\\public\\index.php')
CRITICAL - 2023-08-22 07:39:29 --> Invalid file: "template/admin.php"
in SYSTEMPATH\Exceptions\FrameworkException.php on line 33.
 1 SYSTEMPATH\View\View.php(212): CodeIgniter\Exceptions\FrameworkException::forInvalidFile('template/admin.php')
 2 SYSTEMPATH\Common.php(1176): CodeIgniter\View\View->render('template/admin', [], true)
 3 APPPATH\Controllers\BaseController.php(73): view('template/admin', [...])
 4 APPPATH\Controllers\Home.php(14): App\Controllers\BaseController->admin_template([...], [])
 5 SYSTEMPATH\CodeIgniter.php(932): App\Controllers\Home->index()
 6 SYSTEMPATH\CodeIgniter.php(497): CodeIgniter\CodeIgniter->runController(Object(App\Controllers\Home))
 7 SYSTEMPATH\CodeIgniter.php(366): CodeIgniter\CodeIgniter->handleRequest(null, Object(Config\Cache), false)
 8 FCPATH\index.php(67): CodeIgniter\CodeIgniter->run()
 9 SYSTEMPATH\Commands\Server\rewrite.php(47): require_once('D:\\File\\code\\kiara\\kiara_ci\\public\\index.php')
CRITICAL - 2023-08-22 07:39:30 --> Invalid file: "template/admin.php"
in SYSTEMPATH\Exceptions\FrameworkException.php on line 33.
 1 SYSTEMPATH\View\View.php(212): CodeIgniter\Exceptions\FrameworkException::forInvalidFile('template/admin.php')
 2 SYSTEMPATH\Common.php(1176): CodeIgniter\View\View->render('template/admin', [], true)
 3 APPPATH\Controllers\BaseController.php(73): view('template/admin', [...])
 4 APPPATH\Controllers\Home.php(14): App\Controllers\BaseController->admin_template([...], [])
 5 SYSTEMPATH\CodeIgniter.php(932): App\Controllers\Home->index()
 6 SYSTEMPATH\CodeIgniter.php(497): CodeIgniter\CodeIgniter->runController(Object(App\Controllers\Home))
 7 SYSTEMPATH\CodeIgniter.php(366): CodeIgniter\CodeIgniter->handleRequest(null, Object(Config\Cache), false)
 8 FCPATH\index.php(67): CodeIgniter\CodeIgniter->run()
 9 SYSTEMPATH\Commands\Server\rewrite.php(47): require_once('D:\\File\\code\\kiara\\kiara_ci\\public\\index.php')
CRITICAL - 2023-08-22 07:39:30 --> Invalid file: "template/admin.php"
in SYSTEMPATH\Exceptions\FrameworkException.php on line 33.
 1 SYSTEMPATH\View\View.php(212): CodeIgniter\Exceptions\FrameworkException::forInvalidFile('template/admin.php')
 2 SYSTEMPATH\Common.php(1176): CodeIgniter\View\View->render('template/admin', [], true)
 3 APPPATH\Controllers\BaseController.php(73): view('template/admin', [...])
 4 APPPATH\Controllers\Home.php(14): App\Controllers\BaseController->admin_template([...], [])
 5 SYSTEMPATH\CodeIgniter.php(932): App\Controllers\Home->index()
 6 SYSTEMPATH\CodeIgniter.php(497): CodeIgniter\CodeIgniter->runController(Object(App\Controllers\Home))
 7 SYSTEMPATH\CodeIgniter.php(366): CodeIgniter\CodeIgniter->handleRequest(null, Object(Config\Cache), false)
 8 FCPATH\index.php(67): CodeIgniter\CodeIgniter->run()
 9 SYSTEMPATH\Commands\Server\rewrite.php(47): require_once('D:\\File\\code\\kiara\\kiara_ci\\public\\index.php')
CRITICAL - 2023-08-22 07:39:30 --> Invalid file: "template/admin.php"
in SYSTEMPATH\Exceptions\FrameworkException.php on line 33.
 1 SYSTEMPATH\View\View.php(212): CodeIgniter\Exceptions\FrameworkException::forInvalidFile('template/admin.php')
 2 SYSTEMPATH\Common.php(1176): CodeIgniter\View\View->render('template/admin', [], true)
 3 APPPATH\Controllers\BaseController.php(73): view('template/admin', [...])
 4 APPPATH\Controllers\Home.php(14): App\Controllers\BaseController->admin_template([...], [])
 5 SYSTEMPATH\CodeIgniter.php(932): App\Controllers\Home->index()
 6 SYSTEMPATH\CodeIgniter.php(497): CodeIgniter\CodeIgniter->runController(Object(App\Controllers\Home))
 7 SYSTEMPATH\CodeIgniter.php(366): CodeIgniter\CodeIgniter->handleRequest(null, Object(Config\Cache), false)
 8 FCPATH\index.php(67): CodeIgniter\CodeIgniter->run()
 9 SYSTEMPATH\Commands\Server\rewrite.php(47): require_once('D:\\File\\code\\kiara\\kiara_ci\\public\\index.php')
CRITICAL - 2023-08-22 07:39:31 --> Invalid file: "template/admin.php"
in SYSTEMPATH\Exceptions\FrameworkException.php on line 33.
 1 SYSTEMPATH\View\View.php(212): CodeIgniter\Exceptions\FrameworkException::forInvalidFile('template/admin.php')
 2 SYSTEMPATH\Common.php(1176): CodeIgniter\View\View->render('template/admin', [], true)
 3 APPPATH\Controllers\BaseController.php(73): view('template/admin', [...])
 4 APPPATH\Controllers\Home.php(14): App\Controllers\BaseController->admin_template([...], [])
 5 SYSTEMPATH\CodeIgniter.php(932): App\Controllers\Home->index()
 6 SYSTEMPATH\CodeIgniter.php(497): CodeIgniter\CodeIgniter->runController(Object(App\Controllers\Home))
 7 SYSTEMPATH\CodeIgniter.php(366): CodeIgniter\CodeIgniter->handleRequest(null, Object(Config\Cache), false)
 8 FCPATH\index.php(67): CodeIgniter\CodeIgniter->run()
 9 SYSTEMPATH\Commands\Server\rewrite.php(47): require_once('D:\\File\\code\\kiara\\kiara_ci\\public\\index.php')
CRITICAL - 2023-08-22 07:39:31 --> Invalid file: "template/admin.php"
in SYSTEMPATH\Exceptions\FrameworkException.php on line 33.
 1 SYSTEMPATH\View\View.php(212): CodeIgniter\Exceptions\FrameworkException::forInvalidFile('template/admin.php')
 2 SYSTEMPATH\Common.php(1176): CodeIgniter\View\View->render('template/admin', [], true)
 3 APPPATH\Controllers\BaseController.php(73): view('template/admin', [...])
 4 APPPATH\Controllers\Home.php(14): App\Controllers\BaseController->admin_template([...], [])
 5 SYSTEMPATH\CodeIgniter.php(932): App\Controllers\Home->index()
 6 SYSTEMPATH\CodeIgniter.php(497): CodeIgniter\CodeIgniter->runController(Object(App\Controllers\Home))
 7 SYSTEMPATH\CodeIgniter.php(366): CodeIgniter\CodeIgniter->handleRequest(null, Object(Config\Cache), false)
 8 FCPATH\index.php(67): CodeIgniter\CodeIgniter->run()
 9 SYSTEMPATH\Commands\Server\rewrite.php(47): require_once('D:\\File\\code\\kiara\\kiara_ci\\public\\index.php')
CRITICAL - 2023-08-22 07:39:31 --> Invalid file: "template/admin.php"
in SYSTEMPATH\Exceptions\FrameworkException.php on line 33.
 1 SYSTEMPATH\View\View.php(212): CodeIgniter\Exceptions\FrameworkException::forInvalidFile('template/admin.php')
 2 SYSTEMPATH\Common.php(1176): CodeIgniter\View\View->render('template/admin', [], true)
 3 APPPATH\Controllers\BaseController.php(73): view('template/admin', [...])
 4 APPPATH\Controllers\Home.php(14): App\Controllers\BaseController->admin_template([...], [])
 5 SYSTEMPATH\CodeIgniter.php(932): App\Controllers\Home->index()
 6 SYSTEMPATH\CodeIgniter.php(497): CodeIgniter\CodeIgniter->runController(Object(App\Controllers\Home))
 7 SYSTEMPATH\CodeIgniter.php(366): CodeIgniter\CodeIgniter->handleRequest(null, Object(Config\Cache), false)
 8 FCPATH\index.php(67): CodeIgniter\CodeIgniter->run()
 9 SYSTEMPATH\Commands\Server\rewrite.php(47): require_once('D:\\File\\code\\kiara\\kiara_ci\\public\\index.php')
CRITICAL - 2023-08-22 07:39:31 --> Invalid file: "template/admin.php"
in SYSTEMPATH\Exceptions\FrameworkException.php on line 33.
 1 SYSTEMPATH\View\View.php(212): CodeIgniter\Exceptions\FrameworkException::forInvalidFile('template/admin.php')
 2 SYSTEMPATH\Common.php(1176): CodeIgniter\View\View->render('template/admin', [], true)
 3 APPPATH\Controllers\BaseController.php(73): view('template/admin', [...])
 4 APPPATH\Controllers\Home.php(14): App\Controllers\BaseController->admin_template([...], [])
 5 SYSTEMPATH\CodeIgniter.php(932): App\Controllers\Home->index()
 6 SYSTEMPATH\CodeIgniter.php(497): CodeIgniter\CodeIgniter->runController(Object(App\Controllers\Home))
 7 SYSTEMPATH\CodeIgniter.php(366): CodeIgniter\CodeIgniter->handleRequest(null, Object(Config\Cache), false)
 8 FCPATH\index.php(67): CodeIgniter\CodeIgniter->run()
 9 SYSTEMPATH\Commands\Server\rewrite.php(47): require_once('D:\\File\\code\\kiara\\kiara_ci\\public\\index.php')
CRITICAL - 2023-08-22 07:39:31 --> Invalid file: "template/admin.php"
in SYSTEMPATH\Exceptions\FrameworkException.php on line 33.
 1 SYSTEMPATH\View\View.php(212): CodeIgniter\Exceptions\FrameworkException::forInvalidFile('template/admin.php')
 2 SYSTEMPATH\Common.php(1176): CodeIgniter\View\View->render('template/admin', [], true)
 3 APPPATH\Controllers\BaseController.php(73): view('template/admin', [...])
 4 APPPATH\Controllers\Home.php(14): App\Controllers\BaseController->admin_template([...], [])
 5 SYSTEMPATH\CodeIgniter.php(932): App\Controllers\Home->index()
 6 SYSTEMPATH\CodeIgniter.php(497): CodeIgniter\CodeIgniter->runController(Object(App\Controllers\Home))
 7 SYSTEMPATH\CodeIgniter.php(366): CodeIgniter\CodeIgniter->handleRequest(null, Object(Config\Cache), false)
 8 FCPATH\index.php(67): CodeIgniter\CodeIgniter->run()
 9 SYSTEMPATH\Commands\Server\rewrite.php(47): require_once('D:\\File\\code\\kiara\\kiara_ci\\public\\index.php')
CRITICAL - 2023-08-22 07:39:32 --> Invalid file: "template/admin.php"
in SYSTEMPATH\Exceptions\FrameworkException.php on line 33.
 1 SYSTEMPATH\View\View.php(212): CodeIgniter\Exceptions\FrameworkException::forInvalidFile('template/admin.php')
 2 SYSTEMPATH\Common.php(1176): CodeIgniter\View\View->render('template/admin', [], true)
 3 APPPATH\Controllers\BaseController.php(73): view('template/admin', [...])
 4 APPPATH\Controllers\Home.php(14): App\Controllers\BaseController->admin_template([...], [])
 5 SYSTEMPATH\CodeIgniter.php(932): App\Controllers\Home->index()
 6 SYSTEMPATH\CodeIgniter.php(497): CodeIgniter\CodeIgniter->runController(Object(App\Controllers\Home))
 7 SYSTEMPATH\CodeIgniter.php(366): CodeIgniter\CodeIgniter->handleRequest(null, Object(Config\Cache), false)
 8 FCPATH\index.php(67): CodeIgniter\CodeIgniter->run()
 9 SYSTEMPATH\Commands\Server\rewrite.php(47): require_once('D:\\File\\code\\kiara\\kiara_ci\\public\\index.php')
CRITICAL - 2023-08-22 07:39:59 --> Invalid file: "template/admin.php"
in SYSTEMPATH\Exceptions\FrameworkException.php on line 33.
 1 SYSTEMPATH\View\View.php(212): CodeIgniter\Exceptions\FrameworkException::forInvalidFile('template/admin.php')
 2 SYSTEMPATH\Common.php(1176): CodeIgniter\View\View->render('template/admin', [], true)
 3 APPPATH\Controllers\BaseController.php(73): view('template/admin', [...])
 4 APPPATH\Controllers\Home.php(14): App\Controllers\BaseController->admin_template([...], [])
 5 SYSTEMPATH\CodeIgniter.php(932): App\Controllers\Home->index()
 6 SYSTEMPATH\CodeIgniter.php(497): CodeIgniter\CodeIgniter->runController(Object(App\Controllers\Home))
 7 SYSTEMPATH\CodeIgniter.php(366): CodeIgniter\CodeIgniter->handleRequest(null, Object(Config\Cache), false)
 8 FCPATH\index.php(67): CodeIgniter\CodeIgniter->run()
 9 SYSTEMPATH\Commands\Server\rewrite.php(47): require_once('D:\\File\\code\\kiara\\kiara_ci\\public\\index.php')
CRITICAL - 2023-08-22 07:40:01 --> Invalid file: "template/admin.php"
in SYSTEMPATH\Exceptions\FrameworkException.php on line 33.
 1 SYSTEMPATH\View\View.php(212): CodeIgniter\Exceptions\FrameworkException::forInvalidFile('template/admin.php')
 2 SYSTEMPATH\Common.php(1176): CodeIgniter\View\View->render('template/admin', [], true)
 3 APPPATH\Controllers\BaseController.php(73): view('template/admin', [...])
 4 APPPATH\Controllers\Home.php(14): App\Controllers\BaseController->admin_template([...], [])
 5 SYSTEMPATH\CodeIgniter.php(932): App\Controllers\Home->index()
 6 SYSTEMPATH\CodeIgniter.php(497): CodeIgniter\CodeIgniter->runController(Object(App\Controllers\Home))
 7 SYSTEMPATH\CodeIgniter.php(366): CodeIgniter\CodeIgniter->handleRequest(null, Object(Config\Cache), false)
 8 FCPATH\index.php(67): CodeIgniter\CodeIgniter->run()
 9 SYSTEMPATH\Commands\Server\rewrite.php(47): require_once('D:\\File\\code\\kiara\\kiara_ci\\public\\index.php')
CRITICAL - 2023-08-22 07:41:56 --> Invalid file: "template/admin.php"
in SYSTEMPATH\Exceptions\FrameworkException.php on line 33.
 1 SYSTEMPATH\View\View.php(212): CodeIgniter\Exceptions\FrameworkException::forInvalidFile('template/admin.php')
 2 SYSTEMPATH\Common.php(1176): CodeIgniter\View\View->render('template/admin', [], true)
 3 APPPATH\Controllers\BaseController.php(73): view('template/admin', [...])
 4 APPPATH\Controllers\Home.php(14): App\Controllers\BaseController->admin_template([...], [])
 5 SYSTEMPATH\CodeIgniter.php(932): App\Controllers\Home->index()
 6 SYSTEMPATH\CodeIgniter.php(497): CodeIgniter\CodeIgniter->runController(Object(App\Controllers\Home))
 7 SYSTEMPATH\CodeIgniter.php(366): CodeIgniter\CodeIgniter->handleRequest(null, Object(Config\Cache), false)
 8 FCPATH\index.php(67): CodeIgniter\CodeIgniter->run()
 9 SYSTEMPATH\Commands\Server\rewrite.php(47): require_once('D:\\File\\code\\kiara\\kiara_ci\\public\\index.php')
CRITICAL - 2023-08-22 07:41:57 --> Invalid file: "template/admin.php"
in SYSTEMPATH\Exceptions\FrameworkException.php on line 33.
 1 SYSTEMPATH\View\View.php(212): CodeIgniter\Exceptions\FrameworkException::forInvalidFile('template/admin.php')
 2 SYSTEMPATH\Common.php(1176): CodeIgniter\View\View->render('template/admin', [], true)
 3 APPPATH\Controllers\BaseController.php(73): view('template/admin', [...])
 4 APPPATH\Controllers\Home.php(14): App\Controllers\BaseController->admin_template([...], [])
 5 SYSTEMPATH\CodeIgniter.php(932): App\Controllers\Home->index()
 6 SYSTEMPATH\CodeIgniter.php(497): CodeIgniter\CodeIgniter->runController(Object(App\Controllers\Home))
 7 SYSTEMPATH\CodeIgniter.php(366): CodeIgniter\CodeIgniter->handleRequest(null, Object(Config\Cache), false)
 8 FCPATH\index.php(67): CodeIgniter\CodeIgniter->run()
 9 SYSTEMPATH\Commands\Server\rewrite.php(47): require_once('D:\\File\\code\\kiara\\kiara_ci\\public\\index.php')
CRITICAL - 2023-08-22 07:42:41 --> Invalid file: "uesr/index.php"
in SYSTEMPATH\Exceptions\FrameworkException.php on line 33.
 1 SYSTEMPATH\View\View.php(212): CodeIgniter\Exceptions\FrameworkException::forInvalidFile('uesr/index.php')
 2 SYSTEMPATH\Common.php(1176): CodeIgniter\View\View->render('uesr/index', [], true)
 3 APPPATH\Views\template\user.php(31): view('uesr/index', [])
 4 SYSTEMPATH\View\View.php(224): include('D:\\File\\code\\kiara\\kiara_ci\\app\\Views\\template\\user.php')
 5 SYSTEMPATH\View\View.php(227): CodeIgniter\View\View->CodeIgniter\View\{closure}()
 6 SYSTEMPATH\Common.php(1176): CodeIgniter\View\View->render('template/user', [], true)
 7 APPPATH\Controllers\BaseController.php(65): view('template/user', [...])
 8 APPPATH\Controllers\Home.php(14): App\Controllers\BaseController->user_template([...], [])
 9 SYSTEMPATH\CodeIgniter.php(932): App\Controllers\Home->index()
10 SYSTEMPATH\CodeIgniter.php(497): CodeIgniter\CodeIgniter->runController(Object(App\Controllers\Home))
11 SYSTEMPATH\CodeIgniter.php(366): CodeIgniter\CodeIgniter->handleRequest(null, Object(Config\Cache), false)
12 FCPATH\index.php(67): CodeIgniter\CodeIgniter->run()
13 SYSTEMPATH\Commands\Server\rewrite.php(47): require_once('D:\\File\\code\\kiara\\kiara_ci\\public\\index.php')
CRITICAL - 2023-08-22 07:42:42 --> Invalid file: "uesr/index.php"
in SYSTEMPATH\Exceptions\FrameworkException.php on line 33.
 1 SYSTEMPATH\View\View.php(212): CodeIgniter\Exceptions\FrameworkException::forInvalidFile('uesr/index.php')
 2 SYSTEMPATH\Common.php(1176): CodeIgniter\View\View->render('uesr/index', [], true)
 3 APPPATH\Views\template\user.php(31): view('uesr/index', [])
 4 SYSTEMPATH\View\View.php(224): include('D:\\File\\code\\kiara\\kiara_ci\\app\\Views\\template\\user.php')
 5 SYSTEMPATH\View\View.php(227): CodeIgniter\View\View->CodeIgniter\View\{closure}()
 6 SYSTEMPATH\Common.php(1176): CodeIgniter\View\View->render('template/user', [], true)
 7 APPPATH\Controllers\BaseController.php(65): view('template/user', [...])
 8 APPPATH\Controllers\Home.php(14): App\Controllers\BaseController->user_template([...], [])
 9 SYSTEMPATH\CodeIgniter.php(932): App\Controllers\Home->index()
10 SYSTEMPATH\CodeIgniter.php(497): CodeIgniter\CodeIgniter->runController(Object(App\Controllers\Home))
11 SYSTEMPATH\CodeIgniter.php(366): CodeIgniter\CodeIgniter->handleRequest(null, Object(Config\Cache), false)
12 FCPATH\index.php(67): CodeIgniter\CodeIgniter->run()
13 SYSTEMPATH\Commands\Server\rewrite.php(47): require_once('D:\\File\\code\\kiara\\kiara_ci\\public\\index.php')
CRITICAL - 2023-08-22 07:42:42 --> Invalid file: "uesr/index.php"
in SYSTEMPATH\Exceptions\FrameworkException.php on line 33.
 1 SYSTEMPATH\View\View.php(212): CodeIgniter\Exceptions\FrameworkException::forInvalidFile('uesr/index.php')
 2 SYSTEMPATH\Common.php(1176): CodeIgniter\View\View->render('uesr/index', [], true)
 3 APPPATH\Views\template\user.php(31): view('uesr/index', [])
 4 SYSTEMPATH\View\View.php(224): include('D:\\File\\code\\kiara\\kiara_ci\\app\\Views\\template\\user.php')
 5 SYSTEMPATH\View\View.php(227): CodeIgniter\View\View->CodeIgniter\View\{closure}()
 6 SYSTEMPATH\Common.php(1176): CodeIgniter\View\View->render('template/user', [], true)
 7 APPPATH\Controllers\BaseController.php(65): view('template/user', [...])
 8 APPPATH\Controllers\Home.php(14): App\Controllers\BaseController->user_template([...], [])
 9 SYSTEMPATH\CodeIgniter.php(932): App\Controllers\Home->index()
10 SYSTEMPATH\CodeIgniter.php(497): CodeIgniter\CodeIgniter->runController(Object(App\Controllers\Home))
11 SYSTEMPATH\CodeIgniter.php(366): CodeIgniter\CodeIgniter->handleRequest(null, Object(Config\Cache), false)
12 FCPATH\index.php(67): CodeIgniter\CodeIgniter->run()
13 SYSTEMPATH\Commands\Server\rewrite.php(47): require_once('D:\\File\\code\\kiara\\kiara_ci\\public\\index.php')
CRITICAL - 2023-08-22 07:42:43 --> Invalid file: "uesr/index.php"
in SYSTEMPATH\Exceptions\FrameworkException.php on line 33.
 1 SYSTEMPATH\View\View.php(212): CodeIgniter\Exceptions\FrameworkException::forInvalidFile('uesr/index.php')
 2 SYSTEMPATH\Common.php(1176): CodeIgniter\View\View->render('uesr/index', [], true)
 3 APPPATH\Views\template\user.php(31): view('uesr/index', [])
 4 SYSTEMPATH\View\View.php(224): include('D:\\File\\code\\kiara\\kiara_ci\\app\\Views\\template\\user.php')
 5 SYSTEMPATH\View\View.php(227): CodeIgniter\View\View->CodeIgniter\View\{closure}()
 6 SYSTEMPATH\Common.php(1176): CodeIgniter\View\View->render('template/user', [], true)
 7 APPPATH\Controllers\BaseController.php(65): view('template/user', [...])
 8 APPPATH\Controllers\Home.php(14): App\Controllers\BaseController->user_template([...], [])
 9 SYSTEMPATH\CodeIgniter.php(932): App\Controllers\Home->index()
10 SYSTEMPATH\CodeIgniter.php(497): CodeIgniter\CodeIgniter->runController(Object(App\Controllers\Home))
11 SYSTEMPATH\CodeIgniter.php(366): CodeIgniter\CodeIgniter->handleRequest(null, Object(Config\Cache), false)
12 FCPATH\index.php(67): CodeIgniter\CodeIgniter->run()
13 SYSTEMPATH\Commands\Server\rewrite.php(47): require_once('D:\\File\\code\\kiara\\kiara_ci\\public\\index.php')
CRITICAL - 2023-08-22 07:42:43 --> Invalid file: "uesr/index.php"
in SYSTEMPATH\Exceptions\FrameworkException.php on line 33.
 1 SYSTEMPATH\View\View.php(212): CodeIgniter\Exceptions\FrameworkException::forInvalidFile('uesr/index.php')
 2 SYSTEMPATH\Common.php(1176): CodeIgniter\View\View->render('uesr/index', [], true)
 3 APPPATH\Views\template\user.php(31): view('uesr/index', [])
 4 SYSTEMPATH\View\View.php(224): include('D:\\File\\code\\kiara\\kiara_ci\\app\\Views\\template\\user.php')
 5 SYSTEMPATH\View\View.php(227): CodeIgniter\View\View->CodeIgniter\View\{closure}()
 6 SYSTEMPATH\Common.php(1176): CodeIgniter\View\View->render('template/user', [], true)
 7 APPPATH\Controllers\BaseController.php(65): view('template/user', [...])
 8 APPPATH\Controllers\Home.php(14): App\Controllers\BaseController->user_template([...], [])
 9 SYSTEMPATH\CodeIgniter.php(932): App\Controllers\Home->index()
10 SYSTEMPATH\CodeIgniter.php(497): CodeIgniter\CodeIgniter->runController(Object(App\Controllers\Home))
11 SYSTEMPATH\CodeIgniter.php(366): CodeIgniter\CodeIgniter->handleRequest(null, Object(Config\Cache), false)
12 FCPATH\index.php(67): CodeIgniter\CodeIgniter->run()
13 SYSTEMPATH\Commands\Server\rewrite.php(47): require_once('D:\\File\\code\\kiara\\kiara_ci\\public\\index.php')
CRITICAL - 2023-08-22 07:43:51 --> Invalid file: "uesr/index.php"
in SYSTEMPATH\Exceptions\FrameworkException.php on line 33.
 1 SYSTEMPATH\View\View.php(212): CodeIgniter\Exceptions\FrameworkException::forInvalidFile('uesr/index.php')
 2 SYSTEMPATH\Common.php(1176): CodeIgniter\View\View->render('uesr/index', [], true)
 3 APPPATH\Views\template\user.php(31): view('uesr/index', [])
 4 SYSTEMPATH\View\View.php(224): include('D:\\File\\code\\kiara\\kiara_ci\\app\\Views\\template\\user.php')
 5 SYSTEMPATH\View\View.php(227): CodeIgniter\View\View->CodeIgniter\View\{closure}()
 6 SYSTEMPATH\Common.php(1176): CodeIgniter\View\View->render('template/user', [], true)
 7 APPPATH\Controllers\BaseController.php(65): view('template/user', [...])
 8 APPPATH\Controllers\Home.php(14): App\Controllers\BaseController->user_template([...], [])
 9 SYSTEMPATH\CodeIgniter.php(932): App\Controllers\Home->index()
10 SYSTEMPATH\CodeIgniter.php(497): CodeIgniter\CodeIgniter->runController(Object(App\Controllers\Home))
11 SYSTEMPATH\CodeIgniter.php(366): CodeIgniter\CodeIgniter->handleRequest(null, Object(Config\Cache), false)
12 FCPATH\index.php(67): CodeIgniter\CodeIgniter->run()
13 SYSTEMPATH\Commands\Server\rewrite.php(47): require_once('D:\\File\\code\\kiara\\kiara_ci\\public\\index.php')
CRITICAL - 2023-08-22 07:43:53 --> Invalid file: "uesr/index.php"
in SYSTEMPATH\Exceptions\FrameworkException.php on line 33.
 1 SYSTEMPATH\View\View.php(212): CodeIgniter\Exceptions\FrameworkException::forInvalidFile('uesr/index.php')
 2 SYSTEMPATH\Common.php(1176): CodeIgniter\View\View->render('uesr/index', [], true)
 3 APPPATH\Views\template\user.php(31): view('uesr/index', [])
 4 SYSTEMPATH\View\View.php(224): include('D:\\File\\code\\kiara\\kiara_ci\\app\\Views\\template\\user.php')
 5 SYSTEMPATH\View\View.php(227): CodeIgniter\View\View->CodeIgniter\View\{closure}()
 6 SYSTEMPATH\Common.php(1176): CodeIgniter\View\View->render('template/user', [], true)
 7 APPPATH\Controllers\BaseController.php(65): view('template/user', [...])
 8 APPPATH\Controllers\Home.php(14): App\Controllers\BaseController->user_template([...], [])
 9 SYSTEMPATH\CodeIgniter.php(932): App\Controllers\Home->index()
10 SYSTEMPATH\CodeIgniter.php(497): CodeIgniter\CodeIgniter->runController(Object(App\Controllers\Home))
11 SYSTEMPATH\CodeIgniter.php(366): CodeIgniter\CodeIgniter->handleRequest(null, Object(Config\Cache), false)
12 FCPATH\index.php(67): CodeIgniter\CodeIgniter->run()
13 SYSTEMPATH\Commands\Server\rewrite.php(47): require_once('D:\\File\\code\\kiara\\kiara_ci\\public\\index.php')
CRITICAL - 2023-08-22 07:44:08 --> Invalid file: "uesr/index.php"
in SYSTEMPATH\Exceptions\FrameworkException.php on line 33.
 1 SYSTEMPATH\View\View.php(212): CodeIgniter\Exceptions\FrameworkException::forInvalidFile('uesr/index.php')
 2 SYSTEMPATH\Common.php(1176): CodeIgniter\View\View->render('uesr/index', [], true)
 3 APPPATH\Views\template\user.php(31): view('uesr/index', [])
 4 SYSTEMPATH\View\View.php(224): include('D:\\File\\code\\kiara\\kiara_ci\\app\\Views\\template\\user.php')
 5 SYSTEMPATH\View\View.php(227): CodeIgniter\View\View->CodeIgniter\View\{closure}()
 6 SYSTEMPATH\Common.php(1176): CodeIgniter\View\View->render('template/user', [], true)
 7 APPPATH\Controllers\BaseController.php(65): view('template/user', [...])
 8 APPPATH\Controllers\Home.php(14): App\Controllers\BaseController->user_template([...], [])
 9 SYSTEMPATH\CodeIgniter.php(932): App\Controllers\Home->index()
10 SYSTEMPATH\CodeIgniter.php(497): CodeIgniter\CodeIgniter->runController(Object(App\Controllers\Home))
11 SYSTEMPATH\CodeIgniter.php(366): CodeIgniter\CodeIgniter->handleRequest(null, Object(Config\Cache), false)
12 FCPATH\index.php(67): CodeIgniter\CodeIgniter->run()
13 SYSTEMPATH\Commands\Server\rewrite.php(47): require_once('D:\\File\\code\\kiara\\kiara_ci\\public\\index.php')
CRITICAL - 2023-08-22 07:44:18 --> Invalid file: "uesr/index.php"
in SYSTEMPATH\Exceptions\FrameworkException.php on line 33.
 1 SYSTEMPATH\View\View.php(212): CodeIgniter\Exceptions\FrameworkException::forInvalidFile('uesr/index.php')
 2 SYSTEMPATH\Common.php(1176): CodeIgniter\View\View->render('uesr/index', [], true)
 3 APPPATH\Views\template\user.php(31): view('uesr/index', [])
 4 SYSTEMPATH\View\View.php(224): include('D:\\File\\code\\kiara\\kiara_ci\\app\\Views\\template\\user.php')
 5 SYSTEMPATH\View\View.php(227): CodeIgniter\View\View->CodeIgniter\View\{closure}()
 6 SYSTEMPATH\Common.php(1176): CodeIgniter\View\View->render('template/user', [], true)
 7 APPPATH\Controllers\BaseController.php(65): view('template/user', [...])
 8 APPPATH\Controllers\Home.php(14): App\Controllers\BaseController->user_template([...], [])
 9 SYSTEMPATH\CodeIgniter.php(932): App\Controllers\Home->index()
10 SYSTEMPATH\CodeIgniter.php(497): CodeIgniter\CodeIgniter->runController(Object(App\Controllers\Home))
11 SYSTEMPATH\CodeIgniter.php(366): CodeIgniter\CodeIgniter->handleRequest(null, Object(Config\Cache), false)
12 FCPATH\index.php(67): CodeIgniter\CodeIgniter->run()
13 SYSTEMPATH\Commands\Server\rewrite.php(47): require_once('D:\\File\\code\\kiara\\kiara_ci\\public\\index.php')
CRITICAL - 2023-08-22 07:44:19 --> Invalid file: "uesr/index.php"
in SYSTEMPATH\Exceptions\FrameworkException.php on line 33.
 1 SYSTEMPATH\View\View.php(212): CodeIgniter\Exceptions\FrameworkException::forInvalidFile('uesr/index.php')
 2 SYSTEMPATH\Common.php(1176): CodeIgniter\View\View->render('uesr/index', [], true)
 3 APPPATH\Views\template\user.php(31): view('uesr/index', [])
 4 SYSTEMPATH\View\View.php(224): include('D:\\File\\code\\kiara\\kiara_ci\\app\\Views\\template\\user.php')
 5 SYSTEMPATH\View\View.php(227): CodeIgniter\View\View->CodeIgniter\View\{closure}()
 6 SYSTEMPATH\Common.php(1176): CodeIgniter\View\View->render('template/user', [], true)
 7 APPPATH\Controllers\BaseController.php(65): view('template/user', [...])
 8 APPPATH\Controllers\Home.php(14): App\Controllers\BaseController->user_template([...], [])
 9 SYSTEMPATH\CodeIgniter.php(932): App\Controllers\Home->index()
10 SYSTEMPATH\CodeIgniter.php(497): CodeIgniter\CodeIgniter->runController(Object(App\Controllers\Home))
11 SYSTEMPATH\CodeIgniter.php(366): CodeIgniter\CodeIgniter->handleRequest(null, Object(Config\Cache), false)
12 FCPATH\index.php(67): CodeIgniter\CodeIgniter->run()
13 SYSTEMPATH\Commands\Server\rewrite.php(47): require_once('D:\\File\\code\\kiara\\kiara_ci\\public\\index.php')
CRITICAL - 2023-08-22 07:44:22 --> Invalid file: "uesr/index.php"
in SYSTEMPATH\Exceptions\FrameworkException.php on line 33.
 1 SYSTEMPATH\View\View.php(212): CodeIgniter\Exceptions\FrameworkException::forInvalidFile('uesr/index.php')
 2 SYSTEMPATH\Common.php(1176): CodeIgniter\View\View->render('uesr/index', [], true)
 3 APPPATH\Views\template\user.php(31): view('uesr/index', [])
 4 SYSTEMPATH\View\View.php(224): include('D:\\File\\code\\kiara\\kiara_ci\\app\\Views\\template\\user.php')
 5 SYSTEMPATH\View\View.php(227): CodeIgniter\View\View->CodeIgniter\View\{closure}()
 6 SYSTEMPATH\Common.php(1176): CodeIgniter\View\View->render('template/user', [], true)
 7 APPPATH\Controllers\BaseController.php(65): view('template/user', [...])
 8 APPPATH\Controllers\Home.php(14): App\Controllers\BaseController->user_template([...], [])
 9 SYSTEMPATH\CodeIgniter.php(932): App\Controllers\Home->index()
10 SYSTEMPATH\CodeIgniter.php(497): CodeIgniter\CodeIgniter->runController(Object(App\Controllers\Home))
11 SYSTEMPATH\CodeIgniter.php(366): CodeIgniter\CodeIgniter->handleRequest(null, Object(Config\Cache), false)
12 FCPATH\index.php(67): CodeIgniter\CodeIgniter->run()
13 SYSTEMPATH\Commands\Server\rewrite.php(47): require_once('D:\\File\\code\\kiara\\kiara_ci\\public\\index.php')
CRITICAL - 2023-08-22 07:44:22 --> Invalid file: "uesr/index.php"
in SYSTEMPATH\Exceptions\FrameworkException.php on line 33.
 1 SYSTEMPATH\View\View.php(212): CodeIgniter\Exceptions\FrameworkException::forInvalidFile('uesr/index.php')
 2 SYSTEMPATH\Common.php(1176): CodeIgniter\View\View->render('uesr/index', [], true)
 3 APPPATH\Views\template\user.php(31): view('uesr/index', [])
 4 SYSTEMPATH\View\View.php(224): include('D:\\File\\code\\kiara\\kiara_ci\\app\\Views\\template\\user.php')
 5 SYSTEMPATH\View\View.php(227): CodeIgniter\View\View->CodeIgniter\View\{closure}()
 6 SYSTEMPATH\Common.php(1176): CodeIgniter\View\View->render('template/user', [], true)
 7 APPPATH\Controllers\BaseController.php(65): view('template/user', [...])
 8 APPPATH\Controllers\Home.php(14): App\Controllers\BaseController->user_template([...], [])
 9 SYSTEMPATH\CodeIgniter.php(932): App\Controllers\Home->index()
10 SYSTEMPATH\CodeIgniter.php(497): CodeIgniter\CodeIgniter->runController(Object(App\Controllers\Home))
11 SYSTEMPATH\CodeIgniter.php(366): CodeIgniter\CodeIgniter->handleRequest(null, Object(Config\Cache), false)
12 FCPATH\index.php(67): CodeIgniter\CodeIgniter->run()
13 SYSTEMPATH\Commands\Server\rewrite.php(47): require_once('D:\\File\\code\\kiara\\kiara_ci\\public\\index.php')
CRITICAL - 2023-08-22 07:44:34 --> Invalid file: "uesr/index.php"
in SYSTEMPATH\Exceptions\FrameworkException.php on line 33.
 1 SYSTEMPATH\View\View.php(212): CodeIgniter\Exceptions\FrameworkException::forInvalidFile('uesr/index.php')
 2 SYSTEMPATH\Common.php(1176): CodeIgniter\View\View->render('uesr/index', [], true)
 3 APPPATH\Views\template\user.php(31): view('uesr/index', [])
 4 SYSTEMPATH\View\View.php(224): include('D:\\File\\code\\kiara\\kiara_ci\\app\\Views\\template\\user.php')
 5 SYSTEMPATH\View\View.php(227): CodeIgniter\View\View->CodeIgniter\View\{closure}()
 6 SYSTEMPATH\Common.php(1176): CodeIgniter\View\View->render('template/user', [], true)
 7 APPPATH\Controllers\BaseController.php(65): view('template/user', [...])
 8 APPPATH\Controllers\Home.php(14): App\Controllers\BaseController->user_template([...], [])
 9 SYSTEMPATH\CodeIgniter.php(932): App\Controllers\Home->index()
10 SYSTEMPATH\CodeIgniter.php(497): CodeIgniter\CodeIgniter->runController(Object(App\Controllers\Home))
11 SYSTEMPATH\CodeIgniter.php(366): CodeIgniter\CodeIgniter->handleRequest(null, Object(Config\Cache), false)
12 FCPATH\index.php(67): CodeIgniter\CodeIgniter->run()
13 SYSTEMPATH\Commands\Server\rewrite.php(47): require_once('D:\\File\\code\\kiara\\kiara_ci\\public\\index.php')
CRITICAL - 2023-08-22 07:44:35 --> Invalid file: "uesr/index.php"
in SYSTEMPATH\Exceptions\FrameworkException.php on line 33.
 1 SYSTEMPATH\View\View.php(212): CodeIgniter\Exceptions\FrameworkException::forInvalidFile('uesr/index.php')
 2 SYSTEMPATH\Common.php(1176): CodeIgniter\View\View->render('uesr/index', [], true)
 3 APPPATH\Views\template\user.php(31): view('uesr/index', [])
 4 SYSTEMPATH\View\View.php(224): include('D:\\File\\code\\kiara\\kiara_ci\\app\\Views\\template\\user.php')
 5 SYSTEMPATH\View\View.php(227): CodeIgniter\View\View->CodeIgniter\View\{closure}()
 6 SYSTEMPATH\Common.php(1176): CodeIgniter\View\View->render('template/user', [], true)
 7 APPPATH\Controllers\BaseController.php(65): view('template/user', [...])
 8 APPPATH\Controllers\Home.php(14): App\Controllers\BaseController->user_template([...], [])
 9 SYSTEMPATH\CodeIgniter.php(932): App\Controllers\Home->index()
10 SYSTEMPATH\CodeIgniter.php(497): CodeIgniter\CodeIgniter->runController(Object(App\Controllers\Home))
11 SYSTEMPATH\CodeIgniter.php(366): CodeIgniter\CodeIgniter->handleRequest(null, Object(Config\Cache), false)
12 FCPATH\index.php(67): CodeIgniter\CodeIgniter->run()
13 SYSTEMPATH\Commands\Server\rewrite.php(47): require_once('D:\\File\\code\\kiara\\kiara_ci\\public\\index.php')
CRITICAL - 2023-08-22 07:44:46 --> Invalid file: "uesr/index.php"
in SYSTEMPATH\Exceptions\FrameworkException.php on line 33.
 1 SYSTEMPATH\View\View.php(212): CodeIgniter\Exceptions\FrameworkException::forInvalidFile('uesr/index.php')
 2 SYSTEMPATH\Common.php(1176): CodeIgniter\View\View->render('uesr/index', [], true)
 3 APPPATH\Views\template\user.php(31): view('uesr/index', [])
 4 SYSTEMPATH\View\View.php(224): include('D:\\File\\code\\kiara\\kiara_ci\\app\\Views\\template\\user.php')
 5 SYSTEMPATH\View\View.php(227): CodeIgniter\View\View->CodeIgniter\View\{closure}()
 6 SYSTEMPATH\Common.php(1176): CodeIgniter\View\View->render('template/user', [], true)
 7 APPPATH\Controllers\BaseController.php(65): view('template/user', [...])
 8 APPPATH\Controllers\Home.php(14): App\Controllers\BaseController->user_template([...], [])
 9 SYSTEMPATH\CodeIgniter.php(932): App\Controllers\Home->index()
10 SYSTEMPATH\CodeIgniter.php(497): CodeIgniter\CodeIgniter->runController(Object(App\Controllers\Home))
11 SYSTEMPATH\CodeIgniter.php(366): CodeIgniter\CodeIgniter->handleRequest(null, Object(Config\Cache), false)
12 FCPATH\index.php(67): CodeIgniter\CodeIgniter->run()
13 SYSTEMPATH\Commands\Server\rewrite.php(47): require_once('D:\\File\\code\\kiara\\kiara_ci\\public\\index.php')
CRITICAL - 2023-08-22 07:44:46 --> Invalid file: "uesr/index.php"
in SYSTEMPATH\Exceptions\FrameworkException.php on line 33.
 1 SYSTEMPATH\View\View.php(212): CodeIgniter\Exceptions\FrameworkException::forInvalidFile('uesr/index.php')
 2 SYSTEMPATH\Common.php(1176): CodeIgniter\View\View->render('uesr/index', [], true)
 3 APPPATH\Views\template\user.php(31): view('uesr/index', [])
 4 SYSTEMPATH\View\View.php(224): include('D:\\File\\code\\kiara\\kiara_ci\\app\\Views\\template\\user.php')
 5 SYSTEMPATH\View\View.php(227): CodeIgniter\View\View->CodeIgniter\View\{closure}()
 6 SYSTEMPATH\Common.php(1176): CodeIgniter\View\View->render('template/user', [], true)
 7 APPPATH\Controllers\BaseController.php(65): view('template/user', [...])
 8 APPPATH\Controllers\Home.php(14): App\Controllers\BaseController->user_template([...], [])
 9 SYSTEMPATH\CodeIgniter.php(932): App\Controllers\Home->index()
10 SYSTEMPATH\CodeIgniter.php(497): CodeIgniter\CodeIgniter->runController(Object(App\Controllers\Home))
11 SYSTEMPATH\CodeIgniter.php(366): CodeIgniter\CodeIgniter->handleRequest(null, Object(Config\Cache), false)
12 FCPATH\index.php(67): CodeIgniter\CodeIgniter->run()
13 SYSTEMPATH\Commands\Server\rewrite.php(47): require_once('D:\\File\\code\\kiara\\kiara_ci\\public\\index.php')
CRITICAL - 2023-08-22 07:44:46 --> Invalid file: "uesr/index.php"
in SYSTEMPATH\Exceptions\FrameworkException.php on line 33.
 1 SYSTEMPATH\View\View.php(212): CodeIgniter\Exceptions\FrameworkException::forInvalidFile('uesr/index.php')
 2 SYSTEMPATH\Common.php(1176): CodeIgniter\View\View->render('uesr/index', [], true)
 3 APPPATH\Views\template\user.php(31): view('uesr/index', [])
 4 SYSTEMPATH\View\View.php(224): include('D:\\File\\code\\kiara\\kiara_ci\\app\\Views\\template\\user.php')
 5 SYSTEMPATH\View\View.php(227): CodeIgniter\View\View->CodeIgniter\View\{closure}()
 6 SYSTEMPATH\Common.php(1176): CodeIgniter\View\View->render('template/user', [], true)
 7 APPPATH\Controllers\BaseController.php(65): view('template/user', [...])
 8 APPPATH\Controllers\Home.php(14): App\Controllers\BaseController->user_template([...], [])
 9 SYSTEMPATH\CodeIgniter.php(932): App\Controllers\Home->index()
10 SYSTEMPATH\CodeIgniter.php(497): CodeIgniter\CodeIgniter->runController(Object(App\Controllers\Home))
11 SYSTEMPATH\CodeIgniter.php(366): CodeIgniter\CodeIgniter->handleRequest(null, Object(Config\Cache), false)
12 FCPATH\index.php(67): CodeIgniter\CodeIgniter->run()
13 SYSTEMPATH\Commands\Server\rewrite.php(47): require_once('D:\\File\\code\\kiara\\kiara_ci\\public\\index.php')
CRITICAL - 2023-08-22 07:44:47 --> Invalid file: "uesr/index.php"
in SYSTEMPATH\Exceptions\FrameworkException.php on line 33.
 1 SYSTEMPATH\View\View.php(212): CodeIgniter\Exceptions\FrameworkException::forInvalidFile('uesr/index.php')
 2 SYSTEMPATH\Common.php(1176): CodeIgniter\View\View->render('uesr/index', [], true)
 3 APPPATH\Views\template\user.php(31): view('uesr/index', [])
 4 SYSTEMPATH\View\View.php(224): include('D:\\File\\code\\kiara\\kiara_ci\\app\\Views\\template\\user.php')
 5 SYSTEMPATH\View\View.php(227): CodeIgniter\View\View->CodeIgniter\View\{closure}()
 6 SYSTEMPATH\Common.php(1176): CodeIgniter\View\View->render('template/user', [], true)
 7 APPPATH\Controllers\BaseController.php(65): view('template/user', [...])
 8 APPPATH\Controllers\Home.php(14): App\Controllers\BaseController->user_template([...], [])
 9 SYSTEMPATH\CodeIgniter.php(932): App\Controllers\Home->index()
10 SYSTEMPATH\CodeIgniter.php(497): CodeIgniter\CodeIgniter->runController(Object(App\Controllers\Home))
11 SYSTEMPATH\CodeIgniter.php(366): CodeIgniter\CodeIgniter->handleRequest(null, Object(Config\Cache), false)
12 FCPATH\index.php(67): CodeIgniter\CodeIgniter->run()
13 SYSTEMPATH\Commands\Server\rewrite.php(47): require_once('D:\\File\\code\\kiara\\kiara_ci\\public\\index.php')
CRITICAL - 2023-08-22 07:44:47 --> Invalid file: "uesr/index.php"
in SYSTEMPATH\Exceptions\FrameworkException.php on line 33.
 1 SYSTEMPATH\View\View.php(212): CodeIgniter\Exceptions\FrameworkException::forInvalidFile('uesr/index.php')
 2 SYSTEMPATH\Common.php(1176): CodeIgniter\View\View->render('uesr/index', [], true)
 3 APPPATH\Views\template\user.php(31): view('uesr/index', [])
 4 SYSTEMPATH\View\View.php(224): include('D:\\File\\code\\kiara\\kiara_ci\\app\\Views\\template\\user.php')
 5 SYSTEMPATH\View\View.php(227): CodeIgniter\View\View->CodeIgniter\View\{closure}()
 6 SYSTEMPATH\Common.php(1176): CodeIgniter\View\View->render('template/user', [], true)
 7 APPPATH\Controllers\BaseController.php(65): view('template/user', [...])
 8 APPPATH\Controllers\Home.php(14): App\Controllers\BaseController->user_template([...], [])
 9 SYSTEMPATH\CodeIgniter.php(932): App\Controllers\Home->index()
10 SYSTEMPATH\CodeIgniter.php(497): CodeIgniter\CodeIgniter->runController(Object(App\Controllers\Home))
11 SYSTEMPATH\CodeIgniter.php(366): CodeIgniter\CodeIgniter->handleRequest(null, Object(Config\Cache), false)
12 FCPATH\index.php(67): CodeIgniter\CodeIgniter->run()
13 SYSTEMPATH\Commands\Server\rewrite.php(47): require_once('D:\\File\\code\\kiara\\kiara_ci\\public\\index.php')
CRITICAL - 2023-08-22 07:44:47 --> Invalid file: "uesr/index.php"
in SYSTEMPATH\Exceptions\FrameworkException.php on line 33.
 1 SYSTEMPATH\View\View.php(212): CodeIgniter\Exceptions\FrameworkException::forInvalidFile('uesr/index.php')
 2 SYSTEMPATH\Common.php(1176): CodeIgniter\View\View->render('uesr/index', [], true)
 3 APPPATH\Views\template\user.php(31): view('uesr/index', [])
 4 SYSTEMPATH\View\View.php(224): include('D:\\File\\code\\kiara\\kiara_ci\\app\\Views\\template\\user.php')
 5 SYSTEMPATH\View\View.php(227): CodeIgniter\View\View->CodeIgniter\View\{closure}()
 6 SYSTEMPATH\Common.php(1176): CodeIgniter\View\View->render('template/user', [], true)
 7 APPPATH\Controllers\BaseController.php(65): view('template/user', [...])
 8 APPPATH\Controllers\Home.php(14): App\Controllers\BaseController->user_template([...], [])
 9 SYSTEMPATH\CodeIgniter.php(932): App\Controllers\Home->index()
10 SYSTEMPATH\CodeIgniter.php(497): CodeIgniter\CodeIgniter->runController(Object(App\Controllers\Home))
11 SYSTEMPATH\CodeIgniter.php(366): CodeIgniter\CodeIgniter->handleRequest(null, Object(Config\Cache), false)
12 FCPATH\index.php(67): CodeIgniter\CodeIgniter->run()
13 SYSTEMPATH\Commands\Server\rewrite.php(47): require_once('D:\\File\\code\\kiara\\kiara_ci\\public\\index.php')
CRITICAL - 2023-08-22 07:44:47 --> Invalid file: "uesr/index.php"
in SYSTEMPATH\Exceptions\FrameworkException.php on line 33.
 1 SYSTEMPATH\View\View.php(212): CodeIgniter\Exceptions\FrameworkException::forInvalidFile('uesr/index.php')
 2 SYSTEMPATH\Common.php(1176): CodeIgniter\View\View->render('uesr/index', [], true)
 3 APPPATH\Views\template\user.php(31): view('uesr/index', [])
 4 SYSTEMPATH\View\View.php(224): include('D:\\File\\code\\kiara\\kiara_ci\\app\\Views\\template\\user.php')
 5 SYSTEMPATH\View\View.php(227): CodeIgniter\View\View->CodeIgniter\View\{closure}()
 6 SYSTEMPATH\Common.php(1176): CodeIgniter\View\View->render('template/user', [], true)
 7 APPPATH\Controllers\BaseController.php(65): view('template/user', [...])
 8 APPPATH\Controllers\Home.php(14): App\Controllers\BaseController->user_template([...], [])
 9 SYSTEMPATH\CodeIgniter.php(932): App\Controllers\Home->index()
10 SYSTEMPATH\CodeIgniter.php(497): CodeIgniter\CodeIgniter->runController(Object(App\Controllers\Home))
11 SYSTEMPATH\CodeIgniter.php(366): CodeIgniter\CodeIgniter->handleRequest(null, Object(Config\Cache), false)
12 FCPATH\index.php(67): CodeIgniter\CodeIgniter->run()
13 SYSTEMPATH\Commands\Server\rewrite.php(47): require_once('D:\\File\\code\\kiara\\kiara_ci\\public\\index.php')
CRITICAL - 2023-08-22 07:44:47 --> Invalid file: "uesr/index.php"
in SYSTEMPATH\Exceptions\FrameworkException.php on line 33.
 1 SYSTEMPATH\View\View.php(212): CodeIgniter\Exceptions\FrameworkException::forInvalidFile('uesr/index.php')
 2 SYSTEMPATH\Common.php(1176): CodeIgniter\View\View->render('uesr/index', [], true)
 3 APPPATH\Views\template\user.php(31): view('uesr/index', [])
 4 SYSTEMPATH\View\View.php(224): include('D:\\File\\code\\kiara\\kiara_ci\\app\\Views\\template\\user.php')
 5 SYSTEMPATH\View\View.php(227): CodeIgniter\View\View->CodeIgniter\View\{closure}()
 6 SYSTEMPATH\Common.php(1176): CodeIgniter\View\View->render('template/user', [], true)
 7 APPPATH\Controllers\BaseController.php(65): view('template/user', [...])
 8 APPPATH\Controllers\Home.php(14): App\Controllers\BaseController->user_template([...], [])
 9 SYSTEMPATH\CodeIgniter.php(932): App\Controllers\Home->index()
10 SYSTEMPATH\CodeIgniter.php(497): CodeIgniter\CodeIgniter->runController(Object(App\Controllers\Home))
11 SYSTEMPATH\CodeIgniter.php(366): CodeIgniter\CodeIgniter->handleRequest(null, Object(Config\Cache), false)
12 FCPATH\index.php(67): CodeIgniter\CodeIgniter->run()
13 SYSTEMPATH\Commands\Server\rewrite.php(47): require_once('D:\\File\\code\\kiara\\kiara_ci\\public\\index.php')
CRITICAL - 2023-08-22 07:44:48 --> Invalid file: "uesr/index.php"
in SYSTEMPATH\Exceptions\FrameworkException.php on line 33.
 1 SYSTEMPATH\View\View.php(212): CodeIgniter\Exceptions\FrameworkException::forInvalidFile('uesr/index.php')
 2 SYSTEMPATH\Common.php(1176): CodeIgniter\View\View->render('uesr/index', [], true)
 3 APPPATH\Views\template\user.php(31): view('uesr/index', [])
 4 SYSTEMPATH\View\View.php(224): include('D:\\File\\code\\kiara\\kiara_ci\\app\\Views\\template\\user.php')
 5 SYSTEMPATH\View\View.php(227): CodeIgniter\View\View->CodeIgniter\View\{closure}()
 6 SYSTEMPATH\Common.php(1176): CodeIgniter\View\View->render('template/user', [], true)
 7 APPPATH\Controllers\BaseController.php(65): view('template/user', [...])
 8 APPPATH\Controllers\Home.php(14): App\Controllers\BaseController->user_template([...], [])
 9 SYSTEMPATH\CodeIgniter.php(932): App\Controllers\Home->index()
10 SYSTEMPATH\CodeIgniter.php(497): CodeIgniter\CodeIgniter->runController(Object(App\Controllers\Home))
11 SYSTEMPATH\CodeIgniter.php(366): CodeIgniter\CodeIgniter->handleRequest(null, Object(Config\Cache), false)
12 FCPATH\index.php(67): CodeIgniter\CodeIgniter->run()
13 SYSTEMPATH\Commands\Server\rewrite.php(47): require_once('D:\\File\\code\\kiara\\kiara_ci\\public\\index.php')
CRITICAL - 2023-08-22 07:44:48 --> Invalid file: "uesr/index.php"
in SYSTEMPATH\Exceptions\FrameworkException.php on line 33.
 1 SYSTEMPATH\View\View.php(212): CodeIgniter\Exceptions\FrameworkException::forInvalidFile('uesr/index.php')
 2 SYSTEMPATH\Common.php(1176): CodeIgniter\View\View->render('uesr/index', [], true)
 3 APPPATH\Views\template\user.php(31): view('uesr/index', [])
 4 SYSTEMPATH\View\View.php(224): include('D:\\File\\code\\kiara\\kiara_ci\\app\\Views\\template\\user.php')
 5 SYSTEMPATH\View\View.php(227): CodeIgniter\View\View->CodeIgniter\View\{closure}()
 6 SYSTEMPATH\Common.php(1176): CodeIgniter\View\View->render('template/user', [], true)
 7 APPPATH\Controllers\BaseController.php(65): view('template/user', [...])
 8 APPPATH\Controllers\Home.php(14): App\Controllers\BaseController->user_template([...], [])
 9 SYSTEMPATH\CodeIgniter.php(932): App\Controllers\Home->index()
10 SYSTEMPATH\CodeIgniter.php(497): CodeIgniter\CodeIgniter->runController(Object(App\Controllers\Home))
11 SYSTEMPATH\CodeIgniter.php(366): CodeIgniter\CodeIgniter->handleRequest(null, Object(Config\Cache), false)
12 FCPATH\index.php(67): CodeIgniter\CodeIgniter->run()
13 SYSTEMPATH\Commands\Server\rewrite.php(47): require_once('D:\\File\\code\\kiara\\kiara_ci\\public\\index.php')
CRITICAL - 2023-08-22 07:44:58 --> Invalid file: "uesr/index.php"
in SYSTEMPATH\Exceptions\FrameworkException.php on line 33.
 1 SYSTEMPATH\View\View.php(212): CodeIgniter\Exceptions\FrameworkException::forInvalidFile('uesr/index.php')
 2 SYSTEMPATH\Common.php(1176): CodeIgniter\View\View->render('uesr/index', [], true)
 3 APPPATH\Views\template\user.php(31): view('uesr/index', [])
 4 SYSTEMPATH\View\View.php(224): include('D:\\File\\code\\kiara\\kiara_ci\\app\\Views\\template\\user.php')
 5 SYSTEMPATH\View\View.php(227): CodeIgniter\View\View->CodeIgniter\View\{closure}()
 6 SYSTEMPATH\Common.php(1176): CodeIgniter\View\View->render('template/user', [], true)
 7 APPPATH\Controllers\BaseController.php(65): view('template/user', [...])
 8 APPPATH\Controllers\Home.php(14): App\Controllers\BaseController->user_template([...], [])
 9 SYSTEMPATH\CodeIgniter.php(932): App\Controllers\Home->index()
10 SYSTEMPATH\CodeIgniter.php(497): CodeIgniter\CodeIgniter->runController(Object(App\Controllers\Home))
11 SYSTEMPATH\CodeIgniter.php(366): CodeIgniter\CodeIgniter->handleRequest(null, Object(Config\Cache), false)
12 FCPATH\index.php(67): CodeIgniter\CodeIgniter->run()
13 SYSTEMPATH\Commands\Server\rewrite.php(47): require_once('D:\\File\\code\\kiara\\kiara_ci\\public\\index.php')
CRITICAL - 2023-08-22 07:44:59 --> Invalid file: "uesr/index.php"
in SYSTEMPATH\Exceptions\FrameworkException.php on line 33.
 1 SYSTEMPATH\View\View.php(212): CodeIgniter\Exceptions\FrameworkException::forInvalidFile('uesr/index.php')
 2 SYSTEMPATH\Common.php(1176): CodeIgniter\View\View->render('uesr/index', [], true)
 3 APPPATH\Views\template\user.php(31): view('uesr/index', [])
 4 SYSTEMPATH\View\View.php(224): include('D:\\File\\code\\kiara\\kiara_ci\\app\\Views\\template\\user.php')
 5 SYSTEMPATH\View\View.php(227): CodeIgniter\View\View->CodeIgniter\View\{closure}()
 6 SYSTEMPATH\Common.php(1176): CodeIgniter\View\View->render('template/user', [], true)
 7 APPPATH\Controllers\BaseController.php(65): view('template/user', [...])
 8 APPPATH\Controllers\Home.php(14): App\Controllers\BaseController->user_template([...], [])
 9 SYSTEMPATH\CodeIgniter.php(932): App\Controllers\Home->index()
10 SYSTEMPATH\CodeIgniter.php(497): CodeIgniter\CodeIgniter->runController(Object(App\Controllers\Home))
11 SYSTEMPATH\CodeIgniter.php(366): CodeIgniter\CodeIgniter->handleRequest(null, Object(Config\Cache), false)
12 FCPATH\index.php(67): CodeIgniter\CodeIgniter->run()
13 SYSTEMPATH\Commands\Server\rewrite.php(47): require_once('D:\\File\\code\\kiara\\kiara_ci\\public\\index.php')
CRITICAL - 2023-08-22 07:45:00 --> Invalid file: "uesr/index.php"
in SYSTEMPATH\Exceptions\FrameworkException.php on line 33.
 1 SYSTEMPATH\View\View.php(212): CodeIgniter\Exceptions\FrameworkException::forInvalidFile('uesr/index.php')
 2 SYSTEMPATH\Common.php(1176): CodeIgniter\View\View->render('uesr/index', [], true)
 3 APPPATH\Views\template\user.php(31): view('uesr/index', [])
 4 SYSTEMPATH\View\View.php(224): include('D:\\File\\code\\kiara\\kiara_ci\\app\\Views\\template\\user.php')
 5 SYSTEMPATH\View\View.php(227): CodeIgniter\View\View->CodeIgniter\View\{closure}()
 6 SYSTEMPATH\Common.php(1176): CodeIgniter\View\View->render('template/user', [], true)
 7 APPPATH\Controllers\BaseController.php(65): view('template/user', [...])
 8 APPPATH\Controllers\Home.php(14): App\Controllers\BaseController->user_template([...], [])
 9 SYSTEMPATH\CodeIgniter.php(932): App\Controllers\Home->index()
10 SYSTEMPATH\CodeIgniter.php(497): CodeIgniter\CodeIgniter->runController(Object(App\Controllers\Home))
11 SYSTEMPATH\CodeIgniter.php(366): CodeIgniter\CodeIgniter->handleRequest(null, Object(Config\Cache), false)
12 FCPATH\index.php(67): CodeIgniter\CodeIgniter->run()
13 SYSTEMPATH\Commands\Server\rewrite.php(47): require_once('D:\\File\\code\\kiara\\kiara_ci\\public\\index.php')
CRITICAL - 2023-08-22 07:45:00 --> Invalid file: "uesr/index.php"
in SYSTEMPATH\Exceptions\FrameworkException.php on line 33.
 1 SYSTEMPATH\View\View.php(212): CodeIgniter\Exceptions\FrameworkException::forInvalidFile('uesr/index.php')
 2 SYSTEMPATH\Common.php(1176): CodeIgniter\View\View->render('uesr/index', [], true)
 3 APPPATH\Views\template\user.php(31): view('uesr/index', [])
 4 SYSTEMPATH\View\View.php(224): include('D:\\File\\code\\kiara\\kiara_ci\\app\\Views\\template\\user.php')
 5 SYSTEMPATH\View\View.php(227): CodeIgniter\View\View->CodeIgniter\View\{closure}()
 6 SYSTEMPATH\Common.php(1176): CodeIgniter\View\View->render('template/user', [], true)
 7 APPPATH\Controllers\BaseController.php(65): view('template/user', [...])
 8 APPPATH\Controllers\Home.php(14): App\Controllers\BaseController->user_template([...], [])
 9 SYSTEMPATH\CodeIgniter.php(932): App\Controllers\Home->index()
10 SYSTEMPATH\CodeIgniter.php(497): CodeIgniter\CodeIgniter->runController(Object(App\Controllers\Home))
11 SYSTEMPATH\CodeIgniter.php(366): CodeIgniter\CodeIgniter->handleRequest(null, Object(Config\Cache), false)
12 FCPATH\index.php(67): CodeIgniter\CodeIgniter->run()
13 SYSTEMPATH\Commands\Server\rewrite.php(47): require_once('D:\\File\\code\\kiara\\kiara_ci\\public\\index.php')
CRITICAL - 2023-08-22 07:45:00 --> Invalid file: "uesr/index.php"
in SYSTEMPATH\Exceptions\FrameworkException.php on line 33.
 1 SYSTEMPATH\View\View.php(212): CodeIgniter\Exceptions\FrameworkException::forInvalidFile('uesr/index.php')
 2 SYSTEMPATH\Common.php(1176): CodeIgniter\View\View->render('uesr/index', [], true)
 3 APPPATH\Views\template\user.php(31): view('uesr/index', [])
 4 SYSTEMPATH\View\View.php(224): include('D:\\File\\code\\kiara\\kiara_ci\\app\\Views\\template\\user.php')
 5 SYSTEMPATH\View\View.php(227): CodeIgniter\View\View->CodeIgniter\View\{closure}()
 6 SYSTEMPATH\Common.php(1176): CodeIgniter\View\View->render('template/user', [], true)
 7 APPPATH\Controllers\BaseController.php(65): view('template/user', [...])
 8 APPPATH\Controllers\Home.php(14): App\Controllers\BaseController->user_template([...], [])
 9 SYSTEMPATH\CodeIgniter.php(932): App\Controllers\Home->index()
10 SYSTEMPATH\CodeIgniter.php(497): CodeIgniter\CodeIgniter->runController(Object(App\Controllers\Home))
11 SYSTEMPATH\CodeIgniter.php(366): CodeIgniter\CodeIgniter->handleRequest(null, Object(Config\Cache), false)
12 FCPATH\index.php(67): CodeIgniter\CodeIgniter->run()
13 SYSTEMPATH\Commands\Server\rewrite.php(47): require_once('D:\\File\\code\\kiara\\kiara_ci\\public\\index.php')
CRITICAL - 2023-08-22 07:45:01 --> Invalid file: "uesr/index.php"
in SYSTEMPATH\Exceptions\FrameworkException.php on line 33.
 1 SYSTEMPATH\View\View.php(212): CodeIgniter\Exceptions\FrameworkException::forInvalidFile('uesr/index.php')
 2 SYSTEMPATH\Common.php(1176): CodeIgniter\View\View->render('uesr/index', [], true)
 3 APPPATH\Views\template\user.php(31): view('uesr/index', [])
 4 SYSTEMPATH\View\View.php(224): include('D:\\File\\code\\kiara\\kiara_ci\\app\\Views\\template\\user.php')
 5 SYSTEMPATH\View\View.php(227): CodeIgniter\View\View->CodeIgniter\View\{closure}()
 6 SYSTEMPATH\Common.php(1176): CodeIgniter\View\View->render('template/user', [], true)
 7 APPPATH\Controllers\BaseController.php(65): view('template/user', [...])
 8 APPPATH\Controllers\Home.php(14): App\Controllers\BaseController->user_template([...], [])
 9 SYSTEMPATH\CodeIgniter.php(932): App\Controllers\Home->index()
10 SYSTEMPATH\CodeIgniter.php(497): CodeIgniter\CodeIgniter->runController(Object(App\Controllers\Home))
11 SYSTEMPATH\CodeIgniter.php(366): CodeIgniter\CodeIgniter->handleRequest(null, Object(Config\Cache), false)
12 FCPATH\index.php(67): CodeIgniter\CodeIgniter->run()
13 SYSTEMPATH\Commands\Server\rewrite.php(47): require_once('D:\\File\\code\\kiara\\kiara_ci\\public\\index.php')
CRITICAL - 2023-08-22 07:45:01 --> Invalid file: "uesr/index.php"
in SYSTEMPATH\Exceptions\FrameworkException.php on line 33.
 1 SYSTEMPATH\View\View.php(212): CodeIgniter\Exceptions\FrameworkException::forInvalidFile('uesr/index.php')
 2 SYSTEMPATH\Common.php(1176): CodeIgniter\View\View->render('uesr/index', [], true)
 3 APPPATH\Views\template\user.php(31): view('uesr/index', [])
 4 SYSTEMPATH\View\View.php(224): include('D:\\File\\code\\kiara\\kiara_ci\\app\\Views\\template\\user.php')
 5 SYSTEMPATH\View\View.php(227): CodeIgniter\View\View->CodeIgniter\View\{closure}()
 6 SYSTEMPATH\Common.php(1176): CodeIgniter\View\View->render('template/user', [], true)
 7 APPPATH\Controllers\BaseController.php(65): view('template/user', [...])
 8 APPPATH\Controllers\Home.php(14): App\Controllers\BaseController->user_template([...], [])
 9 SYSTEMPATH\CodeIgniter.php(932): App\Controllers\Home->index()
10 SYSTEMPATH\CodeIgniter.php(497): CodeIgniter\CodeIgniter->runController(Object(App\Controllers\Home))
11 SYSTEMPATH\CodeIgniter.php(366): CodeIgniter\CodeIgniter->handleRequest(null, Object(Config\Cache), false)
12 FCPATH\index.php(67): CodeIgniter\CodeIgniter->run()
13 SYSTEMPATH\Commands\Server\rewrite.php(47): require_once('D:\\File\\code\\kiara\\kiara_ci\\public\\index.php')
CRITICAL - 2023-08-22 07:45:01 --> Invalid file: "uesr/index.php"
in SYSTEMPATH\Exceptions\FrameworkException.php on line 33.
 1 SYSTEMPATH\View\View.php(212): CodeIgniter\Exceptions\FrameworkException::forInvalidFile('uesr/index.php')
 2 SYSTEMPATH\Common.php(1176): CodeIgniter\View\View->render('uesr/index', [], true)
 3 APPPATH\Views\template\user.php(31): view('uesr/index', [])
 4 SYSTEMPATH\View\View.php(224): include('D:\\File\\code\\kiara\\kiara_ci\\app\\Views\\template\\user.php')
 5 SYSTEMPATH\View\View.php(227): CodeIgniter\View\View->CodeIgniter\View\{closure}()
 6 SYSTEMPATH\Common.php(1176): CodeIgniter\View\View->render('template/user', [], true)
 7 APPPATH\Controllers\BaseController.php(65): view('template/user', [...])
 8 APPPATH\Controllers\Home.php(14): App\Controllers\BaseController->user_template([...], [])
 9 SYSTEMPATH\CodeIgniter.php(932): App\Controllers\Home->index()
10 SYSTEMPATH\CodeIgniter.php(497): CodeIgniter\CodeIgniter->runController(Object(App\Controllers\Home))
11 SYSTEMPATH\CodeIgniter.php(366): CodeIgniter\CodeIgniter->handleRequest(null, Object(Config\Cache), false)
12 FCPATH\index.php(67): CodeIgniter\CodeIgniter->run()
13 SYSTEMPATH\Commands\Server\rewrite.php(47): require_once('D:\\File\\code\\kiara\\kiara_ci\\public\\index.php')
CRITICAL - 2023-08-22 07:46:19 --> Invalid file: "uesr/index.php"
in SYSTEMPATH\Exceptions\FrameworkException.php on line 33.
 1 SYSTEMPATH\View\View.php(212): CodeIgniter\Exceptions\FrameworkException::forInvalidFile('uesr/index.php')
 2 SYSTEMPATH\Common.php(1176): CodeIgniter\View\View->render('uesr/index', [], true)
 3 APPPATH\Views\template\user.php(31): view('uesr/index', [])
 4 SYSTEMPATH\View\View.php(224): include('D:\\File\\code\\kiara\\kiara_ci\\app\\Views\\template\\user.php')
 5 SYSTEMPATH\View\View.php(227): CodeIgniter\View\View->CodeIgniter\View\{closure}()
 6 SYSTEMPATH\Common.php(1176): CodeIgniter\View\View->render('template/user', [], true)
 7 APPPATH\Controllers\BaseController.php(65): view('template/user', [...])
 8 APPPATH\Controllers\Home.php(14): App\Controllers\BaseController->user_template([...], [])
 9 SYSTEMPATH\CodeIgniter.php(932): App\Controllers\Home->index()
10 SYSTEMPATH\CodeIgniter.php(497): CodeIgniter\CodeIgniter->runController(Object(App\Controllers\Home))
11 SYSTEMPATH\CodeIgniter.php(366): CodeIgniter\CodeIgniter->handleRequest(null, Object(Config\Cache), false)
12 FCPATH\index.php(67): CodeIgniter\CodeIgniter->run()
13 SYSTEMPATH\Commands\Server\rewrite.php(47): require_once('D:\\File\\code\\kiara\\kiara_ci\\public\\index.php')
CRITICAL - 2023-08-22 07:46:45 --> Invalid file: "uesr/index.php"
in SYSTEMPATH\Exceptions\FrameworkException.php on line 33.
 1 SYSTEMPATH\View\View.php(212): CodeIgniter\Exceptions\FrameworkException::forInvalidFile('uesr/index.php')
 2 SYSTEMPATH\Common.php(1176): CodeIgniter\View\View->render('uesr/index', [], true)
 3 APPPATH\Views\template\user.php(31): view('uesr/index', [])
 4 SYSTEMPATH\View\View.php(224): include('D:\\File\\code\\kiara\\kiara_ci\\app\\Views\\template\\user.php')
 5 SYSTEMPATH\View\View.php(227): CodeIgniter\View\View->CodeIgniter\View\{closure}()
 6 SYSTEMPATH\Common.php(1176): CodeIgniter\View\View->render('template/user', [], true)
 7 APPPATH\Controllers\BaseController.php(65): view('template/user', [...])
 8 APPPATH\Controllers\Home.php(14): App\Controllers\BaseController->user_template([...], [])
 9 SYSTEMPATH\CodeIgniter.php(932): App\Controllers\Home->index()
10 SYSTEMPATH\CodeIgniter.php(497): CodeIgniter\CodeIgniter->runController(Object(App\Controllers\Home))
11 SYSTEMPATH\CodeIgniter.php(366): CodeIgniter\CodeIgniter->handleRequest(null, Object(Config\Cache), false)
12 FCPATH\index.php(67): CodeIgniter\CodeIgniter->run()
13 SYSTEMPATH\Commands\Server\rewrite.php(47): require_once('D:\\File\\code\\kiara\\kiara_ci\\public\\index.php')
CRITICAL - 2023-08-22 07:46:46 --> Invalid file: "uesr/index.php"
in SYSTEMPATH\Exceptions\FrameworkException.php on line 33.
 1 SYSTEMPATH\View\View.php(212): CodeIgniter\Exceptions\FrameworkException::forInvalidFile('uesr/index.php')
 2 SYSTEMPATH\Common.php(1176): CodeIgniter\View\View->render('uesr/index', [], true)
 3 APPPATH\Views\template\user.php(31): view('uesr/index', [])
 4 SYSTEMPATH\View\View.php(224): include('D:\\File\\code\\kiara\\kiara_ci\\app\\Views\\template\\user.php')
 5 SYSTEMPATH\View\View.php(227): CodeIgniter\View\View->CodeIgniter\View\{closure}()
 6 SYSTEMPATH\Common.php(1176): CodeIgniter\View\View->render('template/user', [], true)
 7 APPPATH\Controllers\BaseController.php(65): view('template/user', [...])
 8 APPPATH\Controllers\Home.php(14): App\Controllers\BaseController->user_template([...], [])
 9 SYSTEMPATH\CodeIgniter.php(932): App\Controllers\Home->index()
10 SYSTEMPATH\CodeIgniter.php(497): CodeIgniter\CodeIgniter->runController(Object(App\Controllers\Home))
11 SYSTEMPATH\CodeIgniter.php(366): CodeIgniter\CodeIgniter->handleRequest(null, Object(Config\Cache), false)
12 FCPATH\index.php(67): CodeIgniter\CodeIgniter->run()
13 SYSTEMPATH\Commands\Server\rewrite.php(47): require_once('D:\\File\\code\\kiara\\kiara_ci\\public\\index.php')
CRITICAL - 2023-08-22 07:47:00 --> Invalid file: "uesr/index.php"
in SYSTEMPATH\Exceptions\FrameworkException.php on line 33.
 1 SYSTEMPATH\View\View.php(212): CodeIgniter\Exceptions\FrameworkException::forInvalidFile('uesr/index.php')
 2 SYSTEMPATH\Common.php(1176): CodeIgniter\View\View->render('uesr/index', [], true)
 3 APPPATH\Views\template\user.php(31): view('uesr/index', [])
 4 SYSTEMPATH\View\View.php(224): include('D:\\File\\code\\kiara\\kiara_ci\\app\\Views\\template\\user.php')
 5 SYSTEMPATH\View\View.php(227): CodeIgniter\View\View->CodeIgniter\View\{closure}()
 6 SYSTEMPATH\Common.php(1176): CodeIgniter\View\View->render('template/user', [], true)
 7 APPPATH\Controllers\BaseController.php(65): view('template/user', [...])
 8 APPPATH\Controllers\Home.php(14): App\Controllers\BaseController->user_template([...], [])
 9 SYSTEMPATH\CodeIgniter.php(932): App\Controllers\Home->index()
10 SYSTEMPATH\CodeIgniter.php(497): CodeIgniter\CodeIgniter->runController(Object(App\Controllers\Home))
11 SYSTEMPATH\CodeIgniter.php(366): CodeIgniter\CodeIgniter->handleRequest(null, Object(Config\Cache), false)
12 FCPATH\index.php(67): CodeIgniter\CodeIgniter->run()
13 SYSTEMPATH\Commands\Server\rewrite.php(47): require_once('D:\\File\\code\\kiara\\kiara_ci\\public\\index.php')
