ERROR - 2023-08-24 00:00:43 --> Email: sendWithSmtp throwed ErrorException: fsockopen(): Unable to connect to ssl://smtp.gmail.com:456 (A connection attempt failed because the connected party did not properly respond after a period of time, or established connection failed because connected host has failed to respond) in D:\File\code\kiara\kiara_ci\system\Email\Email.php:1863
Stack trace:
#0 [internal function]: CodeIgniter\Debug\Exceptions->errorHandler(2, 'fsockopen(): Un...', 'D:\\File\\code\\ki...', 1863)
#1 D:\File\code\kiara\kiara_ci\system\Email\Email.php(1863): fsockopen('ssl://smtp.gmai...', 456, NULL, NULL, 5)
#2 D:\File\code\kiara\kiara_ci\system\Email\Email.php(1782): CodeIgniter\Email\Email->SMTPConnect()
#3 D:\File\code\kiara\kiara_ci\system\Email\Email.php(1667): CodeIgniter\Email\Email->sendWithSmtp()
#4 D:\File\code\kiara\kiara_ci\system\Email\Email.php(1565): CodeIgniter\Email\Email->spoolEmail()
#5 D:\File\code\kiara\kiara_ci\app\Controllers\Home.php(30): CodeIgniter\Email\Email->send()
#6 D:\File\code\kiara\kiara_ci\system\CodeIgniter.php(932): App\Controllers\Home->sendEmail()
#7 D:\File\code\kiara\kiara_ci\system\CodeIgniter.php(497): CodeIgniter\CodeIgniter->runController(Object(App\Controllers\Home))
#8 D:\File\code\kiara\kiara_ci\system\CodeIgniter.php(366): CodeIgniter\CodeIgniter->handleRequest(NULL, Object(Config\Cache), false)
#9 D:\File\code\kiara\kiara_ci\public\index.php(67): CodeIgniter\CodeIgniter->run()
#10 D:\File\code\kiara\kiara_ci\system\Commands\Server\rewrite.php(47): require_once('D:\\File\\code\\ki...')
#11 {main}
ERROR - 2023-08-24 00:00:43 --> Email: Unable to send email using SMTP. Your server might not be configured to send mail using this method.
ERROR - 2023-08-24 00:00:43 --> 
ERROR - 2023-08-24 00:00:53 --> Email: sendWithSmtp throwed ErrorException: fsockopen(): Unable to connect to ssl://smtp.gmail.com:456 (A connection attempt failed because the connected party did not properly respond after a period of time, or established connection failed because connected host has failed to respond) in D:\File\code\kiara\kiara_ci\system\Email\Email.php:1863
Stack trace:
#0 [internal function]: CodeIgniter\Debug\Exceptions->errorHandler(2, 'fsockopen(): Un...', 'D:\\File\\code\\ki...', 1863)
#1 D:\File\code\kiara\kiara_ci\system\Email\Email.php(1863): fsockopen('ssl://smtp.gmai...', 456, NULL, NULL, 5)
#2 D:\File\code\kiara\kiara_ci\system\Email\Email.php(1782): CodeIgniter\Email\Email->SMTPConnect()
#3 D:\File\code\kiara\kiara_ci\system\Email\Email.php(1667): CodeIgniter\Email\Email->sendWithSmtp()
#4 D:\File\code\kiara\kiara_ci\system\Email\Email.php(1565): CodeIgniter\Email\Email->spoolEmail()
#5 D:\File\code\kiara\kiara_ci\app\Controllers\Home.php(30): CodeIgniter\Email\Email->send()
#6 D:\File\code\kiara\kiara_ci\system\CodeIgniter.php(932): App\Controllers\Home->sendEmail()
#7 D:\File\code\kiara\kiara_ci\system\CodeIgniter.php(497): CodeIgniter\CodeIgniter->runController(Object(App\Controllers\Home))
#8 D:\File\code\kiara\kiara_ci\system\CodeIgniter.php(366): CodeIgniter\CodeIgniter->handleRequest(NULL, Object(Config\Cache), false)
#9 D:\File\code\kiara\kiara_ci\public\index.php(67): CodeIgniter\CodeIgniter->run()
#10 D:\File\code\kiara\kiara_ci\system\Commands\Server\rewrite.php(47): require_once('D:\\File\\code\\ki...')
#11 {main}
ERROR - 2023-08-24 00:00:53 --> Email: Unable to send email using SMTP. Your server might not be configured to send mail using this method.
ERROR - 2023-08-24 00:00:53 --> 
ERROR - 2023-08-24 00:03:31 --> Email: sendWithSmtp throwed ErrorException: fsockopen(): Unable to connect to ssl://smtp.gmail.com:456 (A connection attempt failed because the connected party did not properly respond after a period of time, or established connection failed because connected host has failed to respond) in D:\File\code\kiara\kiara_ci\system\Email\Email.php:1863
Stack trace:
#0 [internal function]: CodeIgniter\Debug\Exceptions->errorHandler(2, 'fsockopen(): Un...', 'D:\\File\\code\\ki...', 1863)
#1 D:\File\code\kiara\kiara_ci\system\Email\Email.php(1863): fsockopen('ssl://smtp.gmai...', 456, NULL, NULL, 5)
#2 D:\File\code\kiara\kiara_ci\system\Email\Email.php(1782): CodeIgniter\Email\Email->SMTPConnect()
#3 D:\File\code\kiara\kiara_ci\system\Email\Email.php(1667): CodeIgniter\Email\Email->sendWithSmtp()
#4 D:\File\code\kiara\kiara_ci\system\Email\Email.php(1565): CodeIgniter\Email\Email->spoolEmail()
#5 D:\File\code\kiara\kiara_ci\app\Controllers\Home.php(30): CodeIgniter\Email\Email->send()
#6 D:\File\code\kiara\kiara_ci\system\CodeIgniter.php(932): App\Controllers\Home->sendEmail()
#7 D:\File\code\kiara\kiara_ci\system\CodeIgniter.php(497): CodeIgniter\CodeIgniter->runController(Object(App\Controllers\Home))
#8 D:\File\code\kiara\kiara_ci\system\CodeIgniter.php(366): CodeIgniter\CodeIgniter->handleRequest(NULL, Object(Config\Cache), false)
#9 D:\File\code\kiara\kiara_ci\public\index.php(67): CodeIgniter\CodeIgniter->run()
#10 D:\File\code\kiara\kiara_ci\system\Commands\Server\rewrite.php(47): require_once('D:\\File\\code\\ki...')
#11 {main}
ERROR - 2023-08-24 00:03:31 --> Email: Unable to send email using SMTP. Your server might not be configured to send mail using this method.
ERROR - 2023-08-24 00:03:31 --> 
