CRITICAL - 2025-04-21 02:10:50 --> Declaration of CodeIgniter\I18n\TimeTrait::createFromTimestamp(int $timestamp, $timezone = null, ?string $locale = null) must be compatible with DateTimeImmutable::createFromTimestamp(int|float $timestamp): CodeIgniter\Autoloader\Autoloader
in SYSTEMPATH\I18n\TimeTrait.php on line 258.
 1 [internal function]: CodeIgniter\Debug\Exceptions->shutdownHandler()
WARNING - 2025-04-21 02:18:52 --> [DEPRECATED] Return type of CodeIgniter\I18n\TimeTrait::createFromTimestamp(int|float $timestamp, $timezone = null, ?string $locale = null) should either be compatible with DateTimeImmutable::createFromTimestamp(int|float $timestamp): CodeIgniter\Autoloader\Autoloader, or the #[\ReturnTypeWillChange] attribute should be used to temporarily suppress the notice in SYSTEMPATH\I18n\TimeTrait.php on line 258.
 1 SYSTEMPATH\Autoloader\Autoloader.php(314): include_once('E:\\Coding\\kiara\\kiara\\system\\I18n\\Time.php')
 2 SYSTEMPATH\Autoloader\Autoloader.php(291): CodeIgniter\Autoloader\Autoloader->includeFile('E:\\Coding\\kiara\\kiara\\system\\I18n\\Time.php')
 3 SYSTEMPATH\Autoloader\Autoloader.php(269): CodeIgniter\Autoloader\Autoloader->loadInNamespace('CodeIgniter\\I18n\\Time')
 4 SYSTEMPATH\Debug\Toolbar.php(380): CodeIgniter\Autoloader\Autoloader->loadClass('CodeIgniter\\I18n\\Time')
 5 SYSTEMPATH\Filters\DebugToolbar.php(40): CodeIgniter\Debug\Toolbar->prepare(Object(CodeIgniter\HTTP\IncomingRequest), Object(CodeIgniter\HTTP\Response))
 6 SYSTEMPATH\Filters\Filters.php(196): CodeIgniter\Filters\DebugToolbar->after(Object(CodeIgniter\HTTP\IncomingRequest), Object(CodeIgniter\HTTP\Response), null)
 7 SYSTEMPATH\CodeIgniter.php(517): CodeIgniter\Filters\Filters->run('/', 'after')
 8 SYSTEMPATH\CodeIgniter.php(366): CodeIgniter\CodeIgniter->handleRequest(null, Object(Config\Cache), false)
 9 FCPATH\index.php(67): CodeIgniter\CodeIgniter->run()
10 SYSTEMPATH\Commands\Server\rewrite.php(47): require_once('E:\\Coding\\kiara\\kiara\\public\\index.php')
WARNING - 2025-04-21 02:18:54 --> [DEPRECATED] Return type of CodeIgniter\I18n\TimeTrait::createFromTimestamp(int|float $timestamp, $timezone = null, ?string $locale = null) should either be compatible with DateTimeImmutable::createFromTimestamp(int|float $timestamp): CodeIgniter\Autoloader\Autoloader, or the #[\ReturnTypeWillChange] attribute should be used to temporarily suppress the notice in SYSTEMPATH\I18n\TimeTrait.php on line 258.
 1 SYSTEMPATH\Autoloader\Autoloader.php(314): include_once('E:\\Coding\\kiara\\kiara\\system\\I18n\\Time.php')
 2 SYSTEMPATH\Autoloader\Autoloader.php(291): CodeIgniter\Autoloader\Autoloader->includeFile('E:\\Coding\\kiara\\kiara\\system\\I18n\\Time.php')
 3 SYSTEMPATH\Autoloader\Autoloader.php(269): CodeIgniter\Autoloader\Autoloader->loadInNamespace('CodeIgniter\\I18n\\Time')
 4 SYSTEMPATH\Security\Security.php(573): CodeIgniter\Autoloader\Autoloader->loadClass('CodeIgniter\\I18n\\Time')
 5 SYSTEMPATH\Security\Security.php(546): CodeIgniter\Security\Security->saveHashInCookie()
 6 SYSTEMPATH\Security\Security.php(209): CodeIgniter\Security\Security->generateHash()
 7 SYSTEMPATH\Config\Services.php(634): CodeIgniter\Security\Security->__construct(Object(Config\App))
 8 SYSTEMPATH\Config\BaseService.php(252): CodeIgniter\Config\Services::security(Object(Config\App), false)
 9 SYSTEMPATH\Config\BaseService.php(193): CodeIgniter\Config\BaseService::__callStatic('security', [...])
10 SYSTEMPATH\Config\Services.php(629): CodeIgniter\Config\BaseService::getSharedInstance('security', null)
11 SYSTEMPATH\Config\BaseService.php(252): CodeIgniter\Config\Services::security()
12 SYSTEMPATH\Helpers\security_helper.php(22): CodeIgniter\Config\BaseService::__callStatic('security', [])
13 SYSTEMPATH\Debug\Toolbar.php(469): sanitize_filename('debugbar_1745201932.377103')
14 APPPATH\Config\Events.php(46): CodeIgniter\Debug\Toolbar->respond()
15 SYSTEMPATH\Events\Events.php(148): CodeIgniter\Events\Events::{closure:E:\Coding\kiara\kiara\app\Config\Events.php:25}()
16 SYSTEMPATH\CodeIgniter.php(348): CodeIgniter\Events\Events::trigger('pre_system')
17 FCPATH\index.php(67): CodeIgniter\CodeIgniter->run()
18 SYSTEMPATH\Commands\Server\rewrite.php(47): require_once('E:\\Coding\\kiara\\kiara\\public\\index.php')
WARNING - 2025-04-21 02:18:56 --> [DEPRECATED] Return type of CodeIgniter\I18n\TimeTrait::createFromTimestamp(int|float $timestamp, $timezone = null, ?string $locale = null) should either be compatible with DateTimeImmutable::createFromTimestamp(int|float $timestamp): CodeIgniter\Autoloader\Autoloader, or the #[\ReturnTypeWillChange] attribute should be used to temporarily suppress the notice in SYSTEMPATH\I18n\TimeTrait.php on line 258.
 1 SYSTEMPATH\Autoloader\Autoloader.php(314): include_once('E:\\Coding\\kiara\\kiara\\system\\I18n\\Time.php')
 2 SYSTEMPATH\Autoloader\Autoloader.php(291): CodeIgniter\Autoloader\Autoloader->includeFile('E:\\Coding\\kiara\\kiara\\system\\I18n\\Time.php')
 3 SYSTEMPATH\Autoloader\Autoloader.php(269): CodeIgniter\Autoloader\Autoloader->loadInNamespace('CodeIgniter\\I18n\\Time')
 4 SYSTEMPATH\Debug\Toolbar.php(380): CodeIgniter\Autoloader\Autoloader->loadClass('CodeIgniter\\I18n\\Time')
 5 SYSTEMPATH\Filters\DebugToolbar.php(40): CodeIgniter\Debug\Toolbar->prepare(Object(CodeIgniter\HTTP\IncomingRequest), Object(CodeIgniter\HTTP\Response))
 6 SYSTEMPATH\Filters\Filters.php(196): CodeIgniter\Filters\DebugToolbar->after(Object(CodeIgniter\HTTP\IncomingRequest), Object(CodeIgniter\HTTP\Response), null)
 7 SYSTEMPATH\CodeIgniter.php(517): CodeIgniter\Filters\Filters->run('/', 'after')
 8 SYSTEMPATH\CodeIgniter.php(366): CodeIgniter\CodeIgniter->handleRequest(null, Object(Config\Cache), false)
 9 FCPATH\index.php(67): CodeIgniter\CodeIgniter->run()
10 SYSTEMPATH\Commands\Server\rewrite.php(47): require_once('E:\\Coding\\kiara\\kiara\\public\\index.php')
WARNING - 2025-04-21 02:18:58 --> [DEPRECATED] Return type of CodeIgniter\I18n\TimeTrait::createFromTimestamp(int|float $timestamp, $timezone = null, ?string $locale = null) should either be compatible with DateTimeImmutable::createFromTimestamp(int|float $timestamp): CodeIgniter\Autoloader\Autoloader, or the #[\ReturnTypeWillChange] attribute should be used to temporarily suppress the notice in SYSTEMPATH\I18n\TimeTrait.php on line 258.
 1 SYSTEMPATH\Autoloader\Autoloader.php(314): include_once('E:\\Coding\\kiara\\kiara\\system\\I18n\\Time.php')
 2 SYSTEMPATH\Autoloader\Autoloader.php(291): CodeIgniter\Autoloader\Autoloader->includeFile('E:\\Coding\\kiara\\kiara\\system\\I18n\\Time.php')
 3 SYSTEMPATH\Autoloader\Autoloader.php(269): CodeIgniter\Autoloader\Autoloader->loadInNamespace('CodeIgniter\\I18n\\Time')
 4 SYSTEMPATH\Security\Security.php(573): CodeIgniter\Autoloader\Autoloader->loadClass('CodeIgniter\\I18n\\Time')
 5 SYSTEMPATH\Security\Security.php(546): CodeIgniter\Security\Security->saveHashInCookie()
 6 SYSTEMPATH\Security\Security.php(209): CodeIgniter\Security\Security->generateHash()
 7 SYSTEMPATH\Config\Services.php(634): CodeIgniter\Security\Security->__construct(Object(Config\App))
 8 SYSTEMPATH\Config\BaseService.php(252): CodeIgniter\Config\Services::security(Object(Config\App), false)
 9 SYSTEMPATH\Config\BaseService.php(193): CodeIgniter\Config\BaseService::__callStatic('security', [...])
10 SYSTEMPATH\Config\Services.php(629): CodeIgniter\Config\BaseService::getSharedInstance('security', null)
11 SYSTEMPATH\Config\BaseService.php(252): CodeIgniter\Config\Services::security()
12 SYSTEMPATH\Helpers\security_helper.php(22): CodeIgniter\Config\BaseService::__callStatic('security', [])
13 SYSTEMPATH\Debug\Toolbar.php(469): sanitize_filename('debugbar_1745201936.909142')
14 APPPATH\Config\Events.php(46): CodeIgniter\Debug\Toolbar->respond()
15 SYSTEMPATH\Events\Events.php(148): CodeIgniter\Events\Events::{closure:E:\Coding\kiara\kiara\app\Config\Events.php:25}()
16 SYSTEMPATH\CodeIgniter.php(348): CodeIgniter\Events\Events::trigger('pre_system')
17 FCPATH\index.php(67): CodeIgniter\CodeIgniter->run()
18 SYSTEMPATH\Commands\Server\rewrite.php(47): require_once('E:\\Coding\\kiara\\kiara\\public\\index.php')
